#
# There is insufficient memory for the Java Runtime Environment to continue.
# Native memory allocation (malloc) failed to allocate 1042976 bytes for Chunk::new
# Possible reasons:
#   The system is out of physical RAM or swap space
#   The process is running with CompressedOops enabled, and the Java Heap may be blocking the growth of the native heap
# Possible solutions:
#   Reduce memory load on the system
#   Increase physical memory or swap space
#   Check if swap backing store is full
#   Decrease Java heap size (-Xmx/-Xms)
#   Decrease number of Java threads
#   Decrease Java thread stack sizes (-Xss)
#   Set larger code cache with -XX:ReservedCodeCacheSize=
#   JVM is running with Unscaled Compressed Oops mode in which the Java heap is
#     placed in the first 4GB address space. The Java Heap base address is the
#     maximum limit for the native heap growth. Please use -XX:HeapBaseMinAddress
#     to set the Java Heap base and to place the Java Heap above 4GB virtual address.
# This output file may be truncated or incomplete.
#
#  Out of Memory Error (src/hotspot/share/memory/arena.cpp:197), pid=17064, tid=16296
#
# JRE version: OpenJDK Runtime Environment (11.0.15) (build 11.0.15+0-b2043.56-9505619)
# Java VM: OpenJDK 64-Bit Server VM (11.0.15+0-b2043.56-9505619, mixed mode, tiered, compressed oops, g1 gc, windows-amd64)
# No core dump will be written. Minidumps are not enabled by default on client versions of Windows
#

---------------  S U M M A R Y ------------

Command Line: --add-opens=java.base/java.util=ALL-UNNAMED --add-opens=java.base/java.lang=ALL-UNNAMED --add-opens=java.base/java.lang.invoke=ALL-UNNAMED --add-opens=java.base/java.util=ALL-UNNAMED --add-opens=java.prefs/java.util.prefs=ALL-UNNAMED --add-opens=java.prefs/java.util.prefs=ALL-UNNAMED --add-opens=java.base/java.nio.charset=ALL-UNNAMED --add-opens=java.base/java.net=ALL-UNNAMED --add-opens=java.base/java.util.concurrent.atomic=ALL-UNNAMED -Xmx2048m -Dfile.encoding=UTF-8 -Duser.country=IN -Duser.language=en -Duser.variant org.gradle.launcher.daemon.bootstrap.GradleDaemon 7.4.1

Host: Intel(R) Core(TM) i5-9300H CPU @ 2.40GHz, 8 cores, 7G,  Windows 10 , 64 bit Build 19041 (10.0.19041.2251)
Time: Fri Feb 24 22:44:03 2023 India Standard Time elapsed time: 1860.958484 seconds (0d 0h 31m 0s)

---------------  T H R E A D  ---------------

Current thread (0x0000020f2f5ad800):  JavaThread "C2 CompilerThread0" daemon [_thread_in_native, id=16296, stack(0x00000094b8300000,0x00000094b8400000)]


Current CompileTask:
C2:1860958 33952       4       org.gradle.api.internal.artifacts.ivyservice.resolveengine.artifact.DefaultArtifactSet::toResolvedVariant (258 bytes)

Stack: [0x00000094b8300000,0x00000094b8400000]
Native frames: (J=compiled Java code, j=interpreted, Vv=VM code, C=native code)
V  [jvm.dll+0x64135a]
V  [jvm.dll+0x7d39f9]
V  [jvm.dll+0x7d51b9]
V  [jvm.dll+0x7d58a3]
V  [jvm.dll+0x2691c5]
V  [jvm.dll+0xc1a5c]
V  [jvm.dll+0xc200c]
V  [jvm.dll+0x2da2c2]
V  [jvm.dll+0x54cad9]
V  [jvm.dll+0x22a011]
V  [jvm.dll+0x223809]
V  [jvm.dll+0x220384]
V  [jvm.dll+0x19e851]
V  [jvm.dll+0x230479]
V  [jvm.dll+0x22e5ef]
V  [jvm.dll+0x794de1]
V  [jvm.dll+0x78dc24]
V  [jvm.dll+0x6400f6]
C  [ucrtbase.dll+0x21bb2]
C  [KERNEL32.DLL+0x174b4]
C  [ntdll.dll+0x526a1]


---------------  P R O C E S S  ---------------

Threads class SMR info:
_java_thread_list=0x0000020f332c3e50, length=59, elements={
0x0000020f150ce000, 0x0000020f2f586800, 0x0000020f2f588000, 0x0000020f2f59e800,
0x0000020f2f59f000, 0x0000020f2f5a1000, 0x0000020f2f5ad800, 0x0000020f2f5b8800,
0x0000020f2f5be000, 0x0000020f3005f800, 0x0000020f312ff000, 0x0000020f33388000,
0x0000020f32764000, 0x0000020f32590800, 0x0000020f3258c800, 0x0000020f3258b800,
0x0000020f32590000, 0x0000020f3258f000, 0x0000020f3366b000, 0x0000020f33669000,
0x0000020f33667800, 0x0000020f3366a000, 0x0000020f33668800, 0x0000020f33666000,
0x0000020f33667000, 0x0000020f33906000, 0x0000020f33901800, 0x0000020f33901000,
0x0000020f33dfb800, 0x0000020f33b9e800, 0x0000020f376f6000, 0x0000020f3a272800,
0x0000020f3a271800, 0x0000020f3a26f800, 0x0000020f3a274000, 0x0000020f3a276000,
0x0000020f3a271000, 0x0000020f3a275000, 0x0000020f3a276800, 0x0000020f3a27e000,
0x0000020f3a27a800, 0x0000020f3a27d000, 0x0000020f3a27a000, 0x0000020f37bca000,
0x0000020f37bc7800, 0x0000020f37bc6800, 0x0000020f37bc4000, 0x0000020f37bc8800,
0x0000020f37bca800, 0x0000020f37bc5000, 0x0000020f37bc9000, 0x0000020f37bc6000,
0x0000020f37bd0800, 0x0000020f37bcc800, 0x0000020f37bcd000, 0x0000020f37bd2000,
0x0000020f37bcf000, 0x0000020f37bce000, 0x0000020f30215800
}

Java Threads: ( => current thread )
  0x0000020f150ce000 JavaThread "main" [_thread_blocked, id=2980, stack(0x00000094b7700000,0x00000094b7800000)]
  0x0000020f2f586800 JavaThread "Reference Handler" daemon [_thread_blocked, id=16676, stack(0x00000094b7e00000,0x00000094b7f00000)]
  0x0000020f2f588000 JavaThread "Finalizer" daemon [_thread_blocked, id=14808, stack(0x00000094b7f00000,0x00000094b8000000)]
  0x0000020f2f59e800 JavaThread "Signal Dispatcher" daemon [_thread_blocked, id=16668, stack(0x00000094b8000000,0x00000094b8100000)]
  0x0000020f2f59f000 JavaThread "Attach Listener" daemon [_thread_blocked, id=3604, stack(0x00000094b8100000,0x00000094b8200000)]
  0x0000020f2f5a1000 JavaThread "Service Thread" daemon [_thread_blocked, id=11488, stack(0x00000094b8200000,0x00000094b8300000)]
=>0x0000020f2f5ad800 JavaThread "C2 CompilerThread0" daemon [_thread_in_native, id=16296, stack(0x00000094b8300000,0x00000094b8400000)]
  0x0000020f2f5b8800 JavaThread "C1 CompilerThread0" daemon [_thread_blocked, id=11528, stack(0x00000094b8400000,0x00000094b8500000)]
  0x0000020f2f5be000 JavaThread "Sweeper thread" daemon [_thread_blocked, id=14604, stack(0x00000094b8500000,0x00000094b8600000)]
  0x0000020f3005f800 JavaThread "Common-Cleaner" daemon [_thread_blocked, id=12576, stack(0x00000094b8600000,0x00000094b8700000)]
  0x0000020f312ff000 JavaThread "Daemon health stats" [_thread_blocked, id=17416, stack(0x00000094b8b00000,0x00000094b8c00000)]
  0x0000020f33388000 JavaThread "Incoming local TCP Connector on port 55966" [_thread_in_native, id=5348, stack(0x00000094b8800000,0x00000094b8900000)]
  0x0000020f32764000 JavaThread "Daemon periodic checks" [_thread_blocked, id=10660, stack(0x00000094b8c00000,0x00000094b8d00000)]
  0x0000020f32590800 JavaThread "Cache worker for journal cache (C:\Users\sarat\.gradle\caches\journal-1)" [_thread_blocked, id=8304, stack(0x00000094b9a00000,0x00000094b9b00000)]
  0x0000020f3258c800 JavaThread "File lock request listener" [_thread_in_native, id=5136, stack(0x00000094b9b00000,0x00000094b9c00000)]
  0x0000020f3258b800 JavaThread "Cache worker for file hash cache (C:\Users\sarat\.gradle\caches\7.4.1\fileHashes)" [_thread_blocked, id=11344, stack(0x00000094b9c00000,0x00000094b9d00000)]
  0x0000020f32590000 JavaThread "File watcher server" daemon [_thread_in_native, id=3272, stack(0x00000094b9e00000,0x00000094b9f00000)]
  0x0000020f3258f000 JavaThread "File watcher consumer" daemon [_thread_blocked, id=16124, stack(0x00000094b9f00000,0x00000094ba000000)]
  0x0000020f3366b000 JavaThread "Cache worker for execution history cache (C:\Users\sarat\.gradle\caches\7.4.1\executionHistory)" [_thread_blocked, id=16940, stack(0x00000094ba400000,0x00000094ba500000)]
  0x0000020f33669000 JavaThread "jar transforms" [_thread_blocked, id=18104, stack(0x00000094ba500000,0x00000094ba600000)]
  0x0000020f33667800 JavaThread "jar transforms Thread 2" [_thread_blocked, id=18428, stack(0x00000094ba600000,0x00000094ba700000)]
  0x0000020f3366a000 JavaThread "Cache worker for file content cache (C:\Users\sarat\.gradle\caches\7.4.1\fileContent)" [_thread_blocked, id=2308, stack(0x00000094ba700000,0x00000094ba800000)]
  0x0000020f33668800 JavaThread "jar transforms Thread 3" [_thread_blocked, id=15768, stack(0x00000094ba800000,0x00000094ba900000)]
  0x0000020f33666000 JavaThread "jar transforms Thread 4" [_thread_blocked, id=17228, stack(0x00000094ba900000,0x00000094baa00000)]
  0x0000020f33667000 JavaThread "jar transforms Thread 5" [_thread_blocked, id=16652, stack(0x00000094bab00000,0x00000094bac00000)]
  0x0000020f33906000 JavaThread "jar transforms Thread 6" [_thread_blocked, id=7808, stack(0x00000094bfd00000,0x00000094bfe00000)]
  0x0000020f33901800 JavaThread "jar transforms Thread 7" [_thread_blocked, id=4880, stack(0x00000094bfe00000,0x00000094bff00000)]
  0x0000020f33901000 JavaThread "jar transforms Thread 8" [_thread_blocked, id=7908, stack(0x00000094bff00000,0x00000094c0000000)]
  0x0000020f33dfb800 JavaThread "Memory manager" [_thread_blocked, id=11260, stack(0x00000094c0000000,0x00000094c0100000)]
  0x0000020f33b9e800 JavaThread "Cache worker for Java compile cache (C:\Users\sarat\.gradle\caches\7.4.1\javaCompile)" [_thread_blocked, id=11520, stack(0x00000094c0f00000,0x00000094c1000000)]
  0x0000020f376f6000 JavaThread "ForkJoinPool.commonPool-worker-9" daemon [_thread_blocked, id=9952, stack(0x00000094c1200000,0x00000094c1300000)]
  0x0000020f3a272800 JavaThread "Daemon Thread 10" [_thread_blocked, id=16396, stack(0x00000094b7400000,0x00000094b7500000)]
  0x0000020f3a271800 JavaThread "Handler for socket connection from /127.0.0.1:55966 to /127.0.0.1:57231" [_thread_in_native, id=824, stack(0x00000094b7500000,0x00000094b7600000)]
  0x0000020f3a26f800 JavaThread "Cancel handler" [_thread_blocked, id=9128, stack(0x00000094b7600000,0x00000094b7700000)]
  0x0000020f3a274000 JavaThread "Daemon worker Thread 10" [_thread_blocked, id=14916, stack(0x00000094b8d00000,0x00000094b8e00000)]
  0x0000020f3a276000 JavaThread "Asynchronous log dispatcher for DefaultDaemonConnection: socket connection from /127.0.0.1:55966 to /127.0.0.1:57231" [_thread_blocked, id=1508, stack(0x00000094b8e00000,0x00000094b8f00000)]
  0x0000020f3a271000 JavaThread "Stdin handler" [_thread_blocked, id=15924, stack(0x00000094b8f00000,0x00000094b9000000)]
  0x0000020f3a275000 JavaThread "Daemon client event forwarder" [_thread_blocked, id=9904, stack(0x00000094b9000000,0x00000094b9100000)]
  0x0000020f3a276800 JavaThread "Unconstrained build operations" [_thread_blocked, id=16268, stack(0x00000094ba200000,0x00000094ba300000)]
  0x0000020f3a27e000 JavaThread "Unconstrained build operations Thread 2" [_thread_blocked, id=7788, stack(0x00000094ba300000,0x00000094ba400000)]
  0x0000020f3a27a800 JavaThread "Unconstrained build operations Thread 3" [_thread_blocked, id=15424, stack(0x00000094baa00000,0x00000094bab00000)]
  0x0000020f3a27d000 JavaThread "Unconstrained build operations Thread 4" [_thread_blocked, id=16408, stack(0x00000094bac00000,0x00000094bad00000)]
  0x0000020f3a27a000 JavaThread "Unconstrained build operations Thread 5" [_thread_blocked, id=15636, stack(0x00000094bad00000,0x00000094bae00000)]
  0x0000020f37bca000 JavaThread "Unconstrained build operations Thread 6" [_thread_blocked, id=10900, stack(0x00000094bae00000,0x00000094baf00000)]
  0x0000020f37bc7800 JavaThread "Unconstrained build operations Thread 7" [_thread_blocked, id=13472, stack(0x00000094baf00000,0x00000094bb000000)]
  0x0000020f37bc6800 JavaThread "Unconstrained build operations Thread 8" [_thread_blocked, id=1004, stack(0x00000094bb000000,0x00000094bb100000)]
  0x0000020f37bc4000 JavaThread "Unconstrained build operations Thread 9" [_thread_blocked, id=16304, stack(0x00000094bb100000,0x00000094bb200000)]
  0x0000020f37bc8800 JavaThread "Unconstrained build operations Thread 10" [_thread_blocked, id=17904, stack(0x00000094bb200000,0x00000094bb300000)]
  0x0000020f37bca800 JavaThread "Unconstrained build operations Thread 11" [_thread_blocked, id=17344, stack(0x00000094bb300000,0x00000094bb400000)]
  0x0000020f37bc5000 JavaThread "Unconstrained build operations Thread 12" [_thread_blocked, id=16780, stack(0x00000094bb400000,0x00000094bb500000)]
  0x0000020f37bc9000 JavaThread "Unconstrained build operations Thread 13" [_thread_blocked, id=9960, stack(0x00000094bb500000,0x00000094bb600000)]
  0x0000020f37bc6000 JavaThread "Unconstrained build operations Thread 14" [_thread_blocked, id=11164, stack(0x00000094bb600000,0x00000094bb700000)]
  0x0000020f37bd0800 JavaThread "Unconstrained build operations Thread 15" [_thread_blocked, id=17964, stack(0x00000094bb700000,0x00000094bb800000)]
  0x0000020f37bcc800 JavaThread "Unconstrained build operations Thread 16" [_thread_blocked, id=3044, stack(0x00000094bb800000,0x00000094bb900000)]
  0x0000020f37bcd000 JavaThread "Unconstrained build operations Thread 17" [_thread_blocked, id=16172, stack(0x00000094bb900000,0x00000094bba00000)]
  0x0000020f37bd2000 JavaThread "Unconstrained build operations Thread 18" [_thread_blocked, id=14500, stack(0x00000094bba00000,0x00000094bbb00000)]
  0x0000020f37bcf000 JavaThread "Unconstrained build operations Thread 19" [_thread_blocked, id=7340, stack(0x00000094bbb00000,0x00000094bbc00000)]
  0x0000020f37bce000 JavaThread "Unconstrained build operations Thread 20" [_thread_blocked, id=13408, stack(0x00000094bbc00000,0x00000094bbd00000)]
  0x0000020f30215800 JavaThread "C2 CompilerThread1" daemon [_thread_blocked, id=12080, stack(0x00000094bbd00000,0x00000094bbe00000)]

Other Threads:
  0x0000020f2f580800 VMThread "VM Thread" [stack: 0x00000094b7d00000,0x00000094b7e00000] [id=10640]
  0x0000020f300a2800 WatcherThread [stack: 0x00000094b8700000,0x00000094b8800000] [id=15936]
  0x0000020f150e8800 GCTaskThread "GC Thread#0" [stack: 0x00000094b7800000,0x00000094b7900000] [id=12584]
  0x0000020f305df000 GCTaskThread "GC Thread#1" [stack: 0x00000094b8900000,0x00000094b8a00000] [id=4668]
  0x0000020f312d4800 GCTaskThread "GC Thread#2" [stack: 0x00000094b8a00000,0x00000094b8b00000] [id=16764]
  0x0000020f32296000 GCTaskThread "GC Thread#3" [stack: 0x00000094b9500000,0x00000094b9600000] [id=12808]
  0x0000020f3193b000 GCTaskThread "GC Thread#4" [stack: 0x00000094b9600000,0x00000094b9700000] [id=8132]
  0x0000020f31f75800 GCTaskThread "GC Thread#5" [stack: 0x00000094b9700000,0x00000094b9800000] [id=13048]
  0x0000020f31204800 GCTaskThread "GC Thread#6" [stack: 0x00000094b9800000,0x00000094b9900000] [id=3440]
  0x0000020f3211c800 GCTaskThread "GC Thread#7" [stack: 0x00000094b9900000,0x00000094b9a00000] [id=9572]
  0x0000020f1511c800 ConcurrentGCThread "G1 Main Marker" [stack: 0x00000094b7900000,0x00000094b7a00000] [id=7280]
  0x0000020f1511d800 ConcurrentGCThread "G1 Conc#0" [stack: 0x00000094b7a00000,0x00000094b7b00000] [id=3796]
  0x0000020f32707000 ConcurrentGCThread "G1 Conc#1" [stack: 0x00000094b9d00000,0x00000094b9e00000] [id=5276]
  0x0000020f151ad800 ConcurrentGCThread "G1 Refine#0" [stack: 0x00000094b7b00000,0x00000094b7c00000] [id=13568]
  0x0000020f2f3d2800 ConcurrentGCThread "G1 Young RemSet Sampling" [stack: 0x00000094b7c00000,0x00000094b7d00000] [id=16980]

Threads with active compile tasks:
C2 CompilerThread0  1861005 33952       4       org.gradle.api.internal.artifacts.ivyservice.resolveengine.artifact.DefaultArtifactSet::toResolvedVariant (258 bytes)

VM state:not at safepoint (normal execution)

VM Mutex/Monitor currently owned by a thread: None

OutOfMemory and StackOverflow Exception counts:
OutOfMemoryError java_heap_errors=1
LinkageErrors=229

Heap address: 0x0000000080000000, size: 2048 MB, Compressed Oops mode: 32-bit
Narrow klass base: 0x0000000000000000, Narrow klass shift: 3
Compressed class space size: 1073741824 Address: 0x0000000100000000

Heap:
 garbage-first heap   total 356352K, used 190585K [0x0000000080000000, 0x0000000100000000)
  region size 1024K, 52 young (53248K), 2 survivors (2048K)
 Metaspace       used 135934K, capacity 141107K, committed 141352K, reserved 1173504K
  class space    used 16514K, capacity 18397K, committed 18432K, reserved 1048576K
Heap Regions: E=young(eden), S=young(survivor), O=old, HS=humongous(starts), HC=humongous(continues), CS=collection set, F=free, A=archive, TAMS=top-at-mark-start (previous, next)
|   0|0x0000000080000000, 0x0000000080100000, 0x0000000080100000|100%| O|  |TAMS 0x0000000080100000, 0x0000000080000000| Untracked 
|   1|0x0000000080100000, 0x0000000080200000, 0x0000000080200000|100%| O|  |TAMS 0x0000000080200000, 0x0000000080100000| Untracked 
|   2|0x0000000080200000, 0x0000000080300000, 0x0000000080300000|100%| O|  |TAMS 0x0000000080300000, 0x0000000080200000| Untracked 
|   3|0x0000000080300000, 0x0000000080400000, 0x0000000080400000|100%|HS|  |TAMS 0x0000000080400000, 0x0000000080300000| Complete 
|   4|0x0000000080400000, 0x0000000080500000, 0x0000000080500000|100%|HC|  |TAMS 0x0000000080500000, 0x0000000080400000| Complete 
|   5|0x0000000080500000, 0x0000000080600000, 0x0000000080600000|100%|HC|  |TAMS 0x0000000080600000, 0x0000000080500000| Complete 
|   6|0x0000000080600000, 0x0000000080700000, 0x0000000080700000|100%| O|  |TAMS 0x0000000080700000, 0x0000000080600000| Untracked 
|   7|0x0000000080700000, 0x0000000080800000, 0x0000000080800000|100%| O|  |TAMS 0x0000000080800000, 0x0000000080700000| Untracked 
|   8|0x0000000080800000, 0x0000000080900000, 0x0000000080900000|100%| O|  |TAMS 0x0000000080900000, 0x0000000080800000| Untracked 
|   9|0x0000000080900000, 0x0000000080a00000, 0x0000000080a00000|100%| O|  |TAMS 0x0000000080a00000, 0x0000000080900000| Untracked 
|  10|0x0000000080a00000, 0x0000000080b00000, 0x0000000080b00000|100%| O|  |TAMS 0x0000000080b00000, 0x0000000080a00000| Untracked 
|  11|0x0000000080b00000, 0x0000000080c00000, 0x0000000080c00000|100%| O|  |TAMS 0x0000000080c00000, 0x0000000080b00000| Untracked 
|  12|0x0000000080c00000, 0x0000000080d00000, 0x0000000080d00000|100%| O|  |TAMS 0x0000000080d00000, 0x0000000080c00000| Untracked 
|  13|0x0000000080d00000, 0x0000000080e00000, 0x0000000080e00000|100%| O|  |TAMS 0x0000000080e00000, 0x0000000080d00000| Untracked 
|  14|0x0000000080e00000, 0x0000000080f00000, 0x0000000080f00000|100%| O|  |TAMS 0x0000000080f00000, 0x0000000080e00000| Untracked 
|  15|0x0000000080f00000, 0x0000000081000000, 0x0000000081000000|100%| O|  |TAMS 0x0000000081000000, 0x0000000080f00000| Untracked 
|  16|0x0000000081000000, 0x0000000081100000, 0x0000000081100000|100%| O|  |TAMS 0x0000000081100000, 0x0000000081000000| Untracked 
|  17|0x0000000081100000, 0x0000000081200000, 0x0000000081200000|100%| O|  |TAMS 0x0000000081200000, 0x0000000081100000| Untracked 
|  18|0x0000000081200000, 0x0000000081300000, 0x0000000081300000|100%| O|  |TAMS 0x0000000081300000, 0x0000000081200000| Untracked 
|  19|0x0000000081300000, 0x0000000081400000, 0x0000000081400000|100%| O|  |TAMS 0x0000000081400000, 0x0000000081300000| Untracked 
|  20|0x0000000081400000, 0x0000000081500000, 0x0000000081500000|100%| O|  |TAMS 0x0000000081500000, 0x0000000081400000| Untracked 
|  21|0x0000000081500000, 0x0000000081600000, 0x0000000081600000|100%| O|  |TAMS 0x0000000081500000, 0x0000000081500000| Untracked 
|  22|0x0000000081600000, 0x0000000081700000, 0x0000000081700000|100%| O|  |TAMS 0x0000000081700000, 0x0000000081600000| Untracked 
|  23|0x0000000081700000, 0x0000000081800000, 0x0000000081800000|100%| O|  |TAMS 0x0000000081800000, 0x0000000081700000| Untracked 
|  24|0x0000000081800000, 0x0000000081900000, 0x0000000081900000|100%| O|  |TAMS 0x0000000081900000, 0x0000000081800000| Untracked 
|  25|0x0000000081900000, 0x0000000081a00000, 0x0000000081a00000|100%| O|  |TAMS 0x0000000081a00000, 0x0000000081900000| Untracked 
|  26|0x0000000081a00000, 0x0000000081b00000, 0x0000000081b00000|100%| O|  |TAMS 0x0000000081b00000, 0x0000000081a00000| Untracked 
|  27|0x0000000081b00000, 0x0000000081c00000, 0x0000000081c00000|100%|HS|  |TAMS 0x0000000081c00000, 0x0000000081b00000| Complete 
|  28|0x0000000081c00000, 0x0000000081d00000, 0x0000000081d00000|100%|HS|  |TAMS 0x0000000081d00000, 0x0000000081c00000| Complete 
|  29|0x0000000081d00000, 0x0000000081e00000, 0x0000000081e00000|100%|HS|  |TAMS 0x0000000081e00000, 0x0000000081d00000| Complete 
|  30|0x0000000081e00000, 0x0000000081f00000, 0x0000000081f00000|100%|HC|  |TAMS 0x0000000081f00000, 0x0000000081e00000| Complete 
|  31|0x0000000081f00000, 0x0000000082000000, 0x0000000082000000|100%| O|  |TAMS 0x0000000082000000, 0x0000000081f00000| Untracked 
|  32|0x0000000082000000, 0x0000000082100000, 0x0000000082100000|100%| O|  |TAMS 0x0000000082100000, 0x0000000082000000| Untracked 
|  33|0x0000000082100000, 0x0000000082200000, 0x0000000082200000|100%| O|  |TAMS 0x0000000082200000, 0x0000000082100000| Untracked 
|  34|0x0000000082200000, 0x0000000082300000, 0x0000000082300000|100%| O|  |TAMS 0x0000000082300000, 0x0000000082200000| Untracked 
|  35|0x0000000082300000, 0x0000000082400000, 0x0000000082400000|100%| O|  |TAMS 0x0000000082400000, 0x0000000082300000| Untracked 
|  36|0x0000000082400000, 0x0000000082500000, 0x0000000082500000|100%| O|  |TAMS 0x0000000082500000, 0x0000000082400000| Untracked 
|  37|0x0000000082500000, 0x0000000082600000, 0x0000000082600000|100%| O|  |TAMS 0x0000000082600000, 0x0000000082500000| Untracked 
|  38|0x0000000082600000, 0x0000000082700000, 0x0000000082700000|100%| O|  |TAMS 0x0000000082700000, 0x0000000082600000| Untracked 
|  39|0x0000000082700000, 0x0000000082800000, 0x0000000082800000|100%| O|  |TAMS 0x0000000082800000, 0x0000000082700000| Untracked 
|  40|0x0000000082800000, 0x0000000082900000, 0x0000000082900000|100%| O|  |TAMS 0x0000000082900000, 0x0000000082800000| Untracked 
|  41|0x0000000082900000, 0x0000000082a00000, 0x0000000082a00000|100%| O|  |TAMS 0x0000000082a00000, 0x0000000082900000| Untracked 
|  42|0x0000000082a00000, 0x0000000082b00000, 0x0000000082b00000|100%| O|  |TAMS 0x0000000082b00000, 0x0000000082a00000| Untracked 
|  43|0x0000000082b00000, 0x0000000082c00000, 0x0000000082c00000|100%| O|  |TAMS 0x0000000082c00000, 0x0000000082b00000| Untracked 
|  44|0x0000000082c00000, 0x0000000082d00000, 0x0000000082d00000|100%| O|  |TAMS 0x0000000082c00000, 0x0000000082c00000| Untracked 
|  45|0x0000000082d00000, 0x0000000082e00000, 0x0000000082e00000|100%| O|  |TAMS 0x0000000082e00000, 0x0000000082d00000| Untracked 
|  46|0x0000000082e00000, 0x0000000082f00000, 0x0000000082f00000|100%| O|  |TAMS 0x0000000082f00000, 0x0000000082e00000| Untracked 
|  47|0x0000000082f00000, 0x0000000083000000, 0x0000000083000000|100%| O|  |TAMS 0x0000000083000000, 0x0000000082f00000| Untracked 
|  48|0x0000000083000000, 0x0000000083100000, 0x0000000083100000|100%| O|  |TAMS 0x0000000083100000, 0x0000000083000000| Untracked 
|  49|0x0000000083100000, 0x0000000083200000, 0x0000000083200000|100%| O|  |TAMS 0x0000000083200000, 0x0000000083100000| Untracked 
|  50|0x0000000083200000, 0x0000000083300000, 0x0000000083300000|100%| O|  |TAMS 0x0000000083300000, 0x0000000083200000| Untracked 
|  51|0x0000000083300000, 0x0000000083400000, 0x0000000083400000|100%| O|  |TAMS 0x0000000083400000, 0x0000000083300000| Untracked 
|  52|0x0000000083400000, 0x0000000083500000, 0x0000000083500000|100%| O|  |TAMS 0x0000000083500000, 0x0000000083400000| Untracked 
|  53|0x0000000083500000, 0x0000000083600000, 0x0000000083600000|100%| O|  |TAMS 0x0000000083600000, 0x0000000083500000| Untracked 
|  54|0x0000000083600000, 0x0000000083700000, 0x0000000083700000|100%| O|  |TAMS 0x0000000083700000, 0x0000000083600000| Untracked 
|  55|0x0000000083700000, 0x0000000083800000, 0x0000000083800000|100%| O|  |TAMS 0x0000000083800000, 0x0000000083700000| Untracked 
|  56|0x0000000083800000, 0x0000000083900000, 0x0000000083900000|100%| O|  |TAMS 0x0000000083900000, 0x0000000083800000| Untracked 
|  57|0x0000000083900000, 0x0000000083a00000, 0x0000000083a00000|100%| O|  |TAMS 0x0000000083a00000, 0x0000000083900000| Untracked 
|  58|0x0000000083a00000, 0x0000000083b00000, 0x0000000083b00000|100%| O|  |TAMS 0x0000000083b00000, 0x0000000083a00000| Untracked 
|  59|0x0000000083b00000, 0x0000000083c00000, 0x0000000083c00000|100%| O|  |TAMS 0x0000000083c00000, 0x0000000083b00000| Untracked 
|  60|0x0000000083c00000, 0x0000000083d00000, 0x0000000083d00000|100%| O|  |TAMS 0x0000000083d00000, 0x0000000083c00000| Untracked 
|  61|0x0000000083d00000, 0x0000000083e00000, 0x0000000083e00000|100%| O|  |TAMS 0x0000000083e00000, 0x0000000083d00000| Untracked 
|  62|0x0000000083e00000, 0x0000000083f00000, 0x0000000083f00000|100%| O|  |TAMS 0x0000000083f00000, 0x0000000083e00000| Untracked 
|  63|0x0000000083f00000, 0x0000000084000000, 0x0000000084000000|100%| O|  |TAMS 0x0000000084000000, 0x0000000083f00000| Untracked 
|  64|0x0000000084000000, 0x0000000084100000, 0x0000000084100000|100%| O|  |TAMS 0x0000000084100000, 0x0000000084000000| Untracked 
|  65|0x0000000084100000, 0x0000000084200000, 0x0000000084200000|100%| O|  |TAMS 0x0000000084200000, 0x0000000084100000| Untracked 
|  66|0x0000000084200000, 0x0000000084300000, 0x0000000084300000|100%| O|  |TAMS 0x0000000084300000, 0x0000000084200000| Untracked 
|  67|0x0000000084300000, 0x0000000084400000, 0x0000000084400000|100%| O|  |TAMS 0x0000000084400000, 0x0000000084300000| Untracked 
|  68|0x0000000084400000, 0x0000000084500000, 0x0000000084500000|100%| O|  |TAMS 0x0000000084500000, 0x0000000084400000| Untracked 
|  69|0x0000000084500000, 0x0000000084600000, 0x0000000084600000|100%| O|  |TAMS 0x0000000084600000, 0x0000000084500000| Untracked 
|  70|0x0000000084600000, 0x0000000084700000, 0x0000000084700000|100%| O|  |TAMS 0x0000000084700000, 0x0000000084600000| Untracked 
|  71|0x0000000084700000, 0x0000000084800000, 0x0000000084800000|100%| O|  |TAMS 0x0000000084800000, 0x0000000084700000| Untracked 
|  72|0x0000000084800000, 0x0000000084900000, 0x0000000084900000|100%| O|  |TAMS 0x0000000084900000, 0x0000000084800000| Untracked 
|  73|0x0000000084900000, 0x0000000084a00000, 0x0000000084a00000|100%| O|  |TAMS 0x0000000084a00000, 0x0000000084900000| Untracked 
|  74|0x0000000084a00000, 0x0000000084b00000, 0x0000000084b00000|100%| O|  |TAMS 0x0000000084b00000, 0x0000000084a00000| Untracked 
|  75|0x0000000084b00000, 0x0000000084c00000, 0x0000000084c00000|100%| O|  |TAMS 0x0000000084b00000, 0x0000000084b00000| Untracked 
|  76|0x0000000084c00000, 0x0000000084d00000, 0x0000000084d00000|100%| O|  |TAMS 0x0000000084c00000, 0x0000000084c00000| Untracked 
|  77|0x0000000084d00000, 0x0000000084e00000, 0x0000000084e00000|100%| O|  |TAMS 0x0000000084e00000, 0x0000000084d00000| Untracked 
|  78|0x0000000084e00000, 0x0000000084f00000, 0x0000000084f00000|100%| O|  |TAMS 0x0000000084f00000, 0x0000000084e00000| Untracked 
|  79|0x0000000084f00000, 0x0000000085000000, 0x0000000085000000|100%| O|  |TAMS 0x0000000085000000, 0x0000000084f00000| Untracked 
|  80|0x0000000085000000, 0x0000000085100000, 0x0000000085100000|100%| O|  |TAMS 0x0000000085100000, 0x0000000085000000| Untracked 
|  81|0x0000000085100000, 0x0000000085100000, 0x0000000085200000|  0%| F|  |TAMS 0x0000000085100000, 0x0000000085100000| Untracked 
|  82|0x0000000085200000, 0x0000000085300000, 0x0000000085300000|100%| O|  |TAMS 0x0000000085200000, 0x0000000085200000| Untracked 
|  83|0x0000000085300000, 0x0000000085400000, 0x0000000085400000|100%| O|  |TAMS 0x0000000085400000, 0x0000000085300000| Untracked 
|  84|0x0000000085400000, 0x0000000085500000, 0x0000000085500000|100%| O|  |TAMS 0x0000000085500000, 0x0000000085400000| Untracked 
|  85|0x0000000085500000, 0x0000000085600000, 0x0000000085600000|100%| O|  |TAMS 0x0000000085600000, 0x0000000085500000| Untracked 
|  86|0x0000000085600000, 0x0000000085700000, 0x0000000085700000|100%| O|  |TAMS 0x0000000085700000, 0x0000000085600000| Untracked 
|  87|0x0000000085700000, 0x0000000085800000, 0x0000000085800000|100%| O|  |TAMS 0x0000000085700000, 0x0000000085700000| Untracked 
|  88|0x0000000085800000, 0x0000000085900000, 0x0000000085900000|100%| O|  |TAMS 0x0000000085900000, 0x0000000085800000| Untracked 
|  89|0x0000000085900000, 0x0000000085900000, 0x0000000085a00000|  0%| F|  |TAMS 0x0000000085900000, 0x0000000085900000| Untracked 
|  90|0x0000000085a00000, 0x0000000085a00000, 0x0000000085b00000|  0%| F|  |TAMS 0x0000000085a00000, 0x0000000085a00000| Untracked 
|  91|0x0000000085b00000, 0x0000000085b00000, 0x0000000085c00000|  0%| F|  |TAMS 0x0000000085b00000, 0x0000000085b00000| Untracked 
|  92|0x0000000085c00000, 0x0000000085d00000, 0x0000000085d00000|100%| O|  |TAMS 0x0000000085d00000, 0x0000000085c00000| Untracked 
|  93|0x0000000085d00000, 0x0000000085e00000, 0x0000000085e00000|100%| O|  |TAMS 0x0000000085d00000, 0x0000000085d00000| Untracked 
|  94|0x0000000085e00000, 0x0000000085e00000, 0x0000000085f00000|  0%| F|  |TAMS 0x0000000085e00000, 0x0000000085e00000| Untracked 
|  95|0x0000000085f00000, 0x0000000085f00000, 0x0000000086000000|  0%| F|  |TAMS 0x0000000085f00000, 0x0000000085f00000| Untracked 
|  96|0x0000000086000000, 0x0000000086000000, 0x0000000086100000|  0%| F|  |TAMS 0x0000000086000000, 0x0000000086000000| Untracked 
|  97|0x0000000086100000, 0x0000000086200000, 0x0000000086200000|100%| O|  |TAMS 0x0000000086200000, 0x0000000086100000| Untracked 
|  98|0x0000000086200000, 0x0000000086300000, 0x0000000086300000|100%| O|  |TAMS 0x0000000086300000, 0x0000000086200000| Untracked 
|  99|0x0000000086300000, 0x0000000086400000, 0x0000000086400000|100%| O|  |TAMS 0x0000000086300000, 0x0000000086300000| Untracked 
| 100|0x0000000086400000, 0x0000000086500000, 0x0000000086500000|100%| O|  |TAMS 0x0000000086500000, 0x0000000086400000| Untracked 
| 101|0x0000000086500000, 0x0000000086600000, 0x0000000086600000|100%| O|  |TAMS 0x0000000086500000, 0x0000000086500000| Untracked 
| 102|0x0000000086600000, 0x0000000086700000, 0x0000000086700000|100%| O|  |TAMS 0x0000000086700000, 0x0000000086600000| Untracked 
| 103|0x0000000086700000, 0x0000000086800000, 0x0000000086800000|100%| O|  |TAMS 0x0000000086800000, 0x0000000086700000| Untracked 
| 104|0x0000000086800000, 0x0000000086900000, 0x0000000086900000|100%| O|  |TAMS 0x0000000086800000, 0x0000000086800000| Untracked 
| 105|0x0000000086900000, 0x0000000086a00000, 0x0000000086a00000|100%| O|  |TAMS 0x0000000086900000, 0x0000000086900000| Untracked 
| 106|0x0000000086a00000, 0x0000000086b00000, 0x0000000086b00000|100%| O|  |TAMS 0x0000000086b00000, 0x0000000086a00000| Untracked 
| 107|0x0000000086b00000, 0x0000000086c00000, 0x0000000086c00000|100%| O|  |TAMS 0x0000000086c00000, 0x0000000086b00000| Untracked 
| 108|0x0000000086c00000, 0x0000000086c00000, 0x0000000086d00000|  0%| F|  |TAMS 0x0000000086c00000, 0x0000000086c00000| Untracked 
| 109|0x0000000086d00000, 0x0000000086e00000, 0x0000000086e00000|100%| O|  |TAMS 0x0000000086e00000, 0x0000000086d00000| Untracked 
| 110|0x0000000086e00000, 0x0000000086f00000, 0x0000000086f00000|100%| O|  |TAMS 0x0000000086e00000, 0x0000000086e00000| Untracked 
| 111|0x0000000086f00000, 0x0000000087000000, 0x0000000087000000|100%| O|  |TAMS 0x0000000086f00000, 0x0000000086f00000| Untracked 
| 112|0x0000000087000000, 0x000000008701e400, 0x0000000087100000| 11%| O|  |TAMS 0x0000000087000000, 0x0000000087000000| Untracked 
| 113|0x0000000087100000, 0x0000000087100000, 0x0000000087200000|  0%| F|  |TAMS 0x0000000087100000, 0x0000000087100000| Untracked 
| 114|0x0000000087200000, 0x0000000087200000, 0x0000000087300000|  0%| F|  |TAMS 0x0000000087200000, 0x0000000087200000| Untracked 
| 115|0x0000000087300000, 0x0000000087300000, 0x0000000087400000|  0%| F|  |TAMS 0x0000000087300000, 0x0000000087300000| Untracked 
| 116|0x0000000087400000, 0x0000000087400000, 0x0000000087500000|  0%| F|  |TAMS 0x0000000087400000, 0x0000000087400000| Untracked 
| 117|0x0000000087500000, 0x0000000087500000, 0x0000000087600000|  0%| F|  |TAMS 0x0000000087500000, 0x0000000087500000| Untracked 
| 118|0x0000000087600000, 0x0000000087700000, 0x0000000087700000|100%| O|  |TAMS 0x0000000087700000, 0x0000000087600000| Untracked 
| 119|0x0000000087700000, 0x0000000087800000, 0x0000000087800000|100%| O|  |TAMS 0x0000000087800000, 0x0000000087700000| Untracked 
| 120|0x0000000087800000, 0x0000000087900000, 0x0000000087900000|100%| O|  |TAMS 0x0000000087900000, 0x0000000087800000| Untracked 
| 121|0x0000000087900000, 0x0000000087900000, 0x0000000087a00000|  0%| F|  |TAMS 0x0000000087900000, 0x0000000087900000| Untracked 
| 122|0x0000000087a00000, 0x0000000087a00000, 0x0000000087b00000|  0%| F|  |TAMS 0x0000000087a00000, 0x0000000087a00000| Untracked 
| 123|0x0000000087b00000, 0x0000000087b00000, 0x0000000087c00000|  0%| F|  |TAMS 0x0000000087b00000, 0x0000000087b00000| Untracked 
| 124|0x0000000087c00000, 0x0000000087c00000, 0x0000000087d00000|  0%| F|  |TAMS 0x0000000087c00000, 0x0000000087c00000| Untracked 
| 125|0x0000000087d00000, 0x0000000087d00000, 0x0000000087e00000|  0%| F|  |TAMS 0x0000000087d00000, 0x0000000087d00000| Untracked 
| 126|0x0000000087e00000, 0x0000000087f00000, 0x0000000087f00000|100%| O|  |TAMS 0x0000000087f00000, 0x0000000087e00000| Untracked 
| 127|0x0000000087f00000, 0x0000000088000000, 0x0000000088000000|100%| O|  |TAMS 0x0000000088000000, 0x0000000087f00000| Untracked 
| 128|0x0000000088000000, 0x0000000088100000, 0x0000000088100000|100%| O|  |TAMS 0x0000000088100000, 0x0000000088000000| Untracked 
| 129|0x0000000088100000, 0x0000000088200000, 0x0000000088200000|100%| O|  |TAMS 0x0000000088200000, 0x0000000088100000| Untracked 
| 130|0x0000000088200000, 0x0000000088300000, 0x0000000088300000|100%| O|  |TAMS 0x0000000088300000, 0x0000000088200000| Untracked 
| 131|0x0000000088300000, 0x0000000088300000, 0x0000000088400000|  0%| F|  |TAMS 0x0000000088300000, 0x0000000088300000| Untracked 
| 132|0x0000000088400000, 0x0000000088500000, 0x0000000088500000|100%| O|  |TAMS 0x0000000088500000, 0x0000000088400000| Untracked 
| 133|0x0000000088500000, 0x0000000088600000, 0x0000000088600000|100%| O|  |TAMS 0x0000000088600000, 0x0000000088500000| Untracked 
| 134|0x0000000088600000, 0x0000000088700000, 0x0000000088700000|100%| O|  |TAMS 0x0000000088700000, 0x0000000088600000| Untracked 
| 135|0x0000000088700000, 0x0000000088800000, 0x0000000088800000|100%| O|  |TAMS 0x0000000088800000, 0x0000000088700000| Untracked 
| 136|0x0000000088800000, 0x0000000088900000, 0x0000000088900000|100%| O|  |TAMS 0x0000000088900000, 0x0000000088800000| Untracked 
| 137|0x0000000088900000, 0x0000000088a00000, 0x0000000088a00000|100%| O|  |TAMS 0x0000000088a00000, 0x0000000088900000| Untracked 
| 138|0x0000000088a00000, 0x0000000088b00000, 0x0000000088b00000|100%| O|  |TAMS 0x0000000088b00000, 0x0000000088a00000| Untracked 
| 139|0x0000000088b00000, 0x0000000088c00000, 0x0000000088c00000|100%| O|  |TAMS 0x0000000088c00000, 0x0000000088b00000| Untracked 
| 140|0x0000000088c00000, 0x0000000088d00000, 0x0000000088d00000|100%| O|  |TAMS 0x0000000088d00000, 0x0000000088c00000| Untracked 
| 141|0x0000000088d00000, 0x0000000088e00000, 0x0000000088e00000|100%| O|  |TAMS 0x0000000088e00000, 0x0000000088d00000| Untracked 
| 142|0x0000000088e00000, 0x0000000088f00000, 0x0000000088f00000|100%| O|  |TAMS 0x0000000088f00000, 0x0000000088e00000| Untracked 
| 143|0x0000000088f00000, 0x0000000089000000, 0x0000000089000000|100%| O|  |TAMS 0x0000000089000000, 0x0000000088f00000| Untracked 
| 144|0x0000000089000000, 0x0000000089100000, 0x0000000089100000|100%| O|  |TAMS 0x0000000089100000, 0x0000000089000000| Untracked 
| 145|0x0000000089100000, 0x0000000089200000, 0x0000000089200000|100%| O|  |TAMS 0x0000000089200000, 0x0000000089100000| Untracked 
| 146|0x0000000089200000, 0x0000000089300000, 0x0000000089300000|100%| O|  |TAMS 0x0000000089300000, 0x0000000089200000| Untracked 
| 147|0x0000000089300000, 0x0000000089400000, 0x0000000089400000|100%| O|  |TAMS 0x0000000089400000, 0x0000000089300000| Untracked 
| 148|0x0000000089400000, 0x0000000089400000, 0x0000000089500000|  0%| F|  |TAMS 0x0000000089400000, 0x0000000089400000| Untracked 
| 149|0x0000000089500000, 0x0000000089500000, 0x0000000089600000|  0%| F|  |TAMS 0x0000000089500000, 0x0000000089500000| Untracked 
| 150|0x0000000089600000, 0x0000000089600000, 0x0000000089700000|  0%| F|  |TAMS 0x0000000089600000, 0x0000000089600000| Untracked 
| 151|0x0000000089700000, 0x0000000089700000, 0x0000000089800000|  0%| F|  |TAMS 0x0000000089700000, 0x0000000089700000| Untracked 
| 152|0x0000000089800000, 0x0000000089800000, 0x0000000089900000|  0%| F|  |TAMS 0x0000000089800000, 0x0000000089800000| Untracked 
| 153|0x0000000089900000, 0x0000000089900000, 0x0000000089a00000|  0%| F|  |TAMS 0x0000000089900000, 0x0000000089900000| Untracked 
| 154|0x0000000089a00000, 0x0000000089a00000, 0x0000000089b00000|  0%| F|  |TAMS 0x0000000089a00000, 0x0000000089a00000| Untracked 
| 155|0x0000000089b00000, 0x0000000089b00000, 0x0000000089c00000|  0%| F|  |TAMS 0x0000000089b00000, 0x0000000089b00000| Untracked 
| 156|0x0000000089c00000, 0x0000000089d00000, 0x0000000089d00000|100%| O|  |TAMS 0x0000000089d00000, 0x0000000089c00000| Untracked 
| 157|0x0000000089d00000, 0x0000000089d00000, 0x0000000089e00000|  0%| F|  |TAMS 0x0000000089d00000, 0x0000000089d00000| Untracked 
| 158|0x0000000089e00000, 0x0000000089e00000, 0x0000000089f00000|  0%| F|  |TAMS 0x0000000089e00000, 0x0000000089e00000| Untracked 
| 159|0x0000000089f00000, 0x000000008a000000, 0x000000008a000000|100%| O|  |TAMS 0x000000008a000000, 0x0000000089f00000| Untracked 
| 160|0x000000008a000000, 0x000000008a000000, 0x000000008a100000|  0%| F|  |TAMS 0x000000008a000000, 0x000000008a000000| Untracked 
| 161|0x000000008a100000, 0x000000008a100000, 0x000000008a200000|  0%| F|  |TAMS 0x000000008a100000, 0x000000008a100000| Untracked 
| 162|0x000000008a200000, 0x000000008a200000, 0x000000008a300000|  0%| F|  |TAMS 0x000000008a200000, 0x000000008a200000| Untracked 
| 163|0x000000008a300000, 0x000000008a400000, 0x000000008a400000|100%| O|  |TAMS 0x000000008a400000, 0x000000008a300000| Untracked 
| 164|0x000000008a400000, 0x000000008a400000, 0x000000008a500000|  0%| F|  |TAMS 0x000000008a400000, 0x000000008a400000| Untracked 
| 165|0x000000008a500000, 0x000000008a600000, 0x000000008a600000|100%| O|  |TAMS 0x000000008a600000, 0x000000008a500000| Untracked 
| 166|0x000000008a600000, 0x000000008a700000, 0x000000008a700000|100%| O|  |TAMS 0x000000008a700000, 0x000000008a600000| Untracked 
| 167|0x000000008a700000, 0x000000008a800000, 0x000000008a800000|100%| O|  |TAMS 0x000000008a800000, 0x000000008a700000| Untracked 
| 168|0x000000008a800000, 0x000000008a800000, 0x000000008a900000|  0%| F|  |TAMS 0x000000008a800000, 0x000000008a800000| Untracked 
| 169|0x000000008a900000, 0x000000008a900000, 0x000000008aa00000|  0%| F|  |TAMS 0x000000008a900000, 0x000000008a900000| Untracked 
| 170|0x000000008aa00000, 0x000000008aa00000, 0x000000008ab00000|  0%| F|  |TAMS 0x000000008aa00000, 0x000000008aa00000| Untracked 
| 171|0x000000008ab00000, 0x000000008ab00000, 0x000000008ac00000|  0%| F|  |TAMS 0x000000008ab00000, 0x000000008ab00000| Untracked 
| 172|0x000000008ac00000, 0x000000008ac00000, 0x000000008ad00000|  0%| F|  |TAMS 0x000000008ac00000, 0x000000008ac00000| Untracked 
| 173|0x000000008ad00000, 0x000000008ad00000, 0x000000008ae00000|  0%| F|  |TAMS 0x000000008ad00000, 0x000000008ad00000| Untracked 
| 174|0x000000008ae00000, 0x000000008ae00000, 0x000000008af00000|  0%| F|  |TAMS 0x000000008ae00000, 0x000000008ae00000| Untracked 
| 175|0x000000008af00000, 0x000000008af00000, 0x000000008b000000|  0%| F|  |TAMS 0x000000008af00000, 0x000000008af00000| Untracked 
| 176|0x000000008b000000, 0x000000008b000000, 0x000000008b100000|  0%| F|  |TAMS 0x000000008b000000, 0x000000008b000000| Untracked 
| 177|0x000000008b100000, 0x000000008b100000, 0x000000008b200000|  0%| F|  |TAMS 0x000000008b100000, 0x000000008b100000| Untracked 
| 178|0x000000008b200000, 0x000000008b300000, 0x000000008b300000|100%| O|  |TAMS 0x000000008b300000, 0x000000008b200000| Untracked 
| 179|0x000000008b300000, 0x000000008b300000, 0x000000008b400000|  0%| F|  |TAMS 0x000000008b300000, 0x000000008b300000| Untracked 
| 180|0x000000008b400000, 0x000000008b400000, 0x000000008b500000|  0%| F|  |TAMS 0x000000008b400000, 0x000000008b400000| Untracked 
| 181|0x000000008b500000, 0x000000008b600000, 0x000000008b600000|100%| O|  |TAMS 0x000000008b565400, 0x000000008b500000| Untracked 
| 182|0x000000008b600000, 0x000000008b600000, 0x000000008b700000|  0%| F|  |TAMS 0x000000008b600000, 0x000000008b600000| Untracked 
| 183|0x000000008b700000, 0x000000008b700000, 0x000000008b800000|  0%| F|  |TAMS 0x000000008b700000, 0x000000008b700000| Untracked 
| 184|0x000000008b800000, 0x000000008b800000, 0x000000008b900000|  0%| F|  |TAMS 0x000000008b800000, 0x000000008b800000| Untracked 
| 185|0x000000008b900000, 0x000000008b900000, 0x000000008ba00000|  0%| F|  |TAMS 0x000000008b900000, 0x000000008b900000| Untracked 
| 186|0x000000008ba00000, 0x000000008ba00000, 0x000000008bb00000|  0%| F|  |TAMS 0x000000008ba00000, 0x000000008ba00000| Untracked 
| 187|0x000000008bb00000, 0x000000008bb00000, 0x000000008bc00000|  0%| F|  |TAMS 0x000000008bb00000, 0x000000008bb00000| Untracked 
| 188|0x000000008bc00000, 0x000000008bc00000, 0x000000008bd00000|  0%| F|  |TAMS 0x000000008bc00000, 0x000000008bc00000| Untracked 
| 189|0x000000008bd00000, 0x000000008bd00000, 0x000000008be00000|  0%| F|  |TAMS 0x000000008bd00000, 0x000000008bd00000| Untracked 
| 190|0x000000008be00000, 0x000000008be00000, 0x000000008bf00000|  0%| F|  |TAMS 0x000000008be00000, 0x000000008be00000| Untracked 
| 191|0x000000008bf00000, 0x000000008bf00000, 0x000000008c000000|  0%| F|  |TAMS 0x000000008bf00000, 0x000000008bf00000| Untracked 
| 192|0x000000008c000000, 0x000000008c000000, 0x000000008c100000|  0%| F|  |TAMS 0x000000008c000000, 0x000000008c000000| Untracked 
| 193|0x000000008c100000, 0x000000008c100000, 0x000000008c200000|  0%| F|  |TAMS 0x000000008c100000, 0x000000008c100000| Untracked 
| 194|0x000000008c200000, 0x000000008c200000, 0x000000008c300000|  0%| F|  |TAMS 0x000000008c200000, 0x000000008c200000| Untracked 
| 195|0x000000008c300000, 0x000000008c300000, 0x000000008c400000|  0%| F|  |TAMS 0x000000008c300000, 0x000000008c300000| Untracked 
| 196|0x000000008c400000, 0x000000008c400000, 0x000000008c500000|  0%| F|  |TAMS 0x000000008c400000, 0x000000008c400000| Untracked 
| 197|0x000000008c500000, 0x000000008c500000, 0x000000008c600000|  0%| F|  |TAMS 0x000000008c500000, 0x000000008c500000| Untracked 
| 198|0x000000008c600000, 0x000000008c600000, 0x000000008c700000|  0%| F|  |TAMS 0x000000008c600000, 0x000000008c600000| Untracked 
| 199|0x000000008c700000, 0x000000008c700000, 0x000000008c800000|  0%| F|  |TAMS 0x000000008c700000, 0x000000008c700000| Untracked 
| 200|0x000000008c800000, 0x000000008c800000, 0x000000008c900000|  0%| F|  |TAMS 0x000000008c800000, 0x000000008c800000| Untracked 
| 201|0x000000008c900000, 0x000000008c900000, 0x000000008ca00000|  0%| F|  |TAMS 0x000000008c900000, 0x000000008c900000| Untracked 
| 202|0x000000008ca00000, 0x000000008ca00000, 0x000000008cb00000|  0%| F|  |TAMS 0x000000008ca00000, 0x000000008ca00000| Untracked 
| 203|0x000000008cb00000, 0x000000008cb00000, 0x000000008cc00000|  0%| F|  |TAMS 0x000000008cb00000, 0x000000008cb00000| Untracked 
| 204|0x000000008cc00000, 0x000000008cc00000, 0x000000008cd00000|  0%| F|  |TAMS 0x000000008cc00000, 0x000000008cc00000| Untracked 
| 205|0x000000008cd00000, 0x000000008cd00000, 0x000000008ce00000|  0%| F|  |TAMS 0x000000008cd00000, 0x000000008cd00000| Untracked 
| 206|0x000000008ce00000, 0x000000008ce00000, 0x000000008cf00000|  0%| F|  |TAMS 0x000000008ce00000, 0x000000008ce00000| Untracked 
| 207|0x000000008cf00000, 0x000000008cf00000, 0x000000008d000000|  0%| F|  |TAMS 0x000000008cf00000, 0x000000008cf00000| Untracked 
| 208|0x000000008d000000, 0x000000008d000000, 0x000000008d100000|  0%| F|  |TAMS 0x000000008d000000, 0x000000008d000000| Untracked 
| 209|0x000000008d100000, 0x000000008d100000, 0x000000008d200000|  0%| F|  |TAMS 0x000000008d100000, 0x000000008d100000| Untracked 
| 210|0x000000008d200000, 0x000000008d200000, 0x000000008d300000|  0%| F|  |TAMS 0x000000008d200000, 0x000000008d200000| Untracked 
| 211|0x000000008d300000, 0x000000008d300000, 0x000000008d400000|  0%| F|  |TAMS 0x000000008d300000, 0x000000008d300000| Untracked 
| 212|0x000000008d400000, 0x000000008d400000, 0x000000008d500000|  0%| F|  |TAMS 0x000000008d400000, 0x000000008d400000| Untracked 
| 213|0x000000008d500000, 0x000000008d500000, 0x000000008d600000|  0%| F|  |TAMS 0x000000008d500000, 0x000000008d500000| Untracked 
| 214|0x000000008d600000, 0x000000008d600000, 0x000000008d700000|  0%| F|  |TAMS 0x000000008d600000, 0x000000008d600000| Untracked 
| 215|0x000000008d700000, 0x000000008d700000, 0x000000008d800000|  0%| F|  |TAMS 0x000000008d700000, 0x000000008d700000| Untracked 
| 216|0x000000008d800000, 0x000000008d800000, 0x000000008d900000|  0%| F|  |TAMS 0x000000008d800000, 0x000000008d800000| Untracked 
| 217|0x000000008d900000, 0x000000008d900000, 0x000000008da00000|  0%| F|  |TAMS 0x000000008d900000, 0x000000008d900000| Untracked 
| 218|0x000000008da00000, 0x000000008da00000, 0x000000008db00000|  0%| F|  |TAMS 0x000000008da00000, 0x000000008da00000| Untracked 
| 219|0x000000008db00000, 0x000000008db00000, 0x000000008dc00000|  0%| F|  |TAMS 0x000000008db00000, 0x000000008db00000| Untracked 
| 220|0x000000008dc00000, 0x000000008dc00000, 0x000000008dd00000|  0%| F|  |TAMS 0x000000008dc00000, 0x000000008dc00000| Untracked 
| 221|0x000000008dd00000, 0x000000008dd00000, 0x000000008de00000|  0%| F|  |TAMS 0x000000008dd00000, 0x000000008dd00000| Untracked 
| 222|0x000000008de00000, 0x000000008de00000, 0x000000008df00000|  0%| F|  |TAMS 0x000000008de00000, 0x000000008de00000| Untracked 
| 223|0x000000008df00000, 0x000000008df00000, 0x000000008e000000|  0%| F|  |TAMS 0x000000008df00000, 0x000000008df00000| Untracked 
| 224|0x000000008e000000, 0x000000008e000000, 0x000000008e100000|  0%| F|  |TAMS 0x000000008e000000, 0x000000008e000000| Untracked 
| 225|0x000000008e100000, 0x000000008e100000, 0x000000008e200000|  0%| F|  |TAMS 0x000000008e100000, 0x000000008e100000| Untracked 
| 226|0x000000008e200000, 0x000000008e200000, 0x000000008e300000|  0%| F|  |TAMS 0x000000008e200000, 0x000000008e200000| Untracked 
| 227|0x000000008e300000, 0x000000008e300000, 0x000000008e400000|  0%| F|  |TAMS 0x000000008e300000, 0x000000008e300000| Untracked 
| 228|0x000000008e400000, 0x000000008e400000, 0x000000008e500000|  0%| F|  |TAMS 0x000000008e400000, 0x000000008e400000| Untracked 
| 229|0x000000008e500000, 0x000000008e500000, 0x000000008e600000|  0%| F|  |TAMS 0x000000008e500000, 0x000000008e500000| Untracked 
| 230|0x000000008e600000, 0x000000008e600000, 0x000000008e700000|  0%| F|  |TAMS 0x000000008e600000, 0x000000008e600000| Untracked 
| 231|0x000000008e700000, 0x000000008e700000, 0x000000008e800000|  0%| F|  |TAMS 0x000000008e700000, 0x000000008e700000| Untracked 
| 232|0x000000008e800000, 0x000000008e800000, 0x000000008e900000|  0%| F|  |TAMS 0x000000008e800000, 0x000000008e800000| Untracked 
| 233|0x000000008e900000, 0x000000008e900000, 0x000000008ea00000|  0%| F|  |TAMS 0x000000008e900000, 0x000000008e900000| Untracked 
| 234|0x000000008ea00000, 0x000000008ea00000, 0x000000008eb00000|  0%| F|  |TAMS 0x000000008ea00000, 0x000000008ea00000| Untracked 
| 235|0x000000008eb00000, 0x000000008eb00000, 0x000000008ec00000|  0%| F|  |TAMS 0x000000008eb00000, 0x000000008eb00000| Untracked 
| 236|0x000000008ec00000, 0x000000008ec00000, 0x000000008ed00000|  0%| F|  |TAMS 0x000000008ec00000, 0x000000008ec00000| Untracked 
| 237|0x000000008ed00000, 0x000000008ed00000, 0x000000008ee00000|  0%| F|  |TAMS 0x000000008ed00000, 0x000000008ed00000| Untracked 
| 238|0x000000008ee00000, 0x000000008ee00000, 0x000000008ef00000|  0%| F|  |TAMS 0x000000008ee00000, 0x000000008ee00000| Untracked 
| 239|0x000000008ef00000, 0x000000008ef00000, 0x000000008f000000|  0%| F|  |TAMS 0x000000008ef00000, 0x000000008ef00000| Untracked 
| 240|0x000000008f000000, 0x000000008f000000, 0x000000008f100000|  0%| F|  |TAMS 0x000000008f000000, 0x000000008f000000| Untracked 
| 241|0x000000008f100000, 0x000000008f100000, 0x000000008f200000|  0%| F|  |TAMS 0x000000008f100000, 0x000000008f100000| Untracked 
| 242|0x000000008f200000, 0x000000008f200000, 0x000000008f300000|  0%| F|  |TAMS 0x000000008f200000, 0x000000008f200000| Untracked 
| 243|0x000000008f300000, 0x000000008f300000, 0x000000008f400000|  0%| F|  |TAMS 0x000000008f300000, 0x000000008f300000| Untracked 
| 244|0x000000008f400000, 0x000000008f400000, 0x000000008f500000|  0%| F|  |TAMS 0x000000008f400000, 0x000000008f400000| Untracked 
| 245|0x000000008f500000, 0x000000008f500000, 0x000000008f600000|  0%| F|  |TAMS 0x000000008f500000, 0x000000008f500000| Untracked 
| 246|0x000000008f600000, 0x000000008f600000, 0x000000008f700000|  0%| F|  |TAMS 0x000000008f600000, 0x000000008f600000| Untracked 
| 247|0x000000008f700000, 0x000000008f700000, 0x000000008f800000|  0%| F|  |TAMS 0x000000008f700000, 0x000000008f700000| Untracked 
| 248|0x000000008f800000, 0x000000008f800000, 0x000000008f900000|  0%| F|  |TAMS 0x000000008f800000, 0x000000008f800000| Untracked 
| 249|0x000000008f900000, 0x000000008f900000, 0x000000008fa00000|  0%| F|  |TAMS 0x000000008f900000, 0x000000008f900000| Untracked 
| 250|0x000000008fa00000, 0x000000008fa00000, 0x000000008fb00000|  0%| F|  |TAMS 0x000000008fa00000, 0x000000008fa00000| Untracked 
| 251|0x000000008fb00000, 0x000000008fb00000, 0x000000008fc00000|  0%| F|  |TAMS 0x000000008fb00000, 0x000000008fb00000| Untracked 
| 252|0x000000008fc00000, 0x000000008fc00000, 0x000000008fd00000|  0%| F|  |TAMS 0x000000008fc00000, 0x000000008fc00000| Untracked 
| 253|0x000000008fd00000, 0x000000008fd00000, 0x000000008fe00000|  0%| F|  |TAMS 0x000000008fd00000, 0x000000008fd00000| Untracked 
| 254|0x000000008fe00000, 0x000000008fe00000, 0x000000008ff00000|  0%| F|  |TAMS 0x000000008fe00000, 0x000000008fe00000| Untracked 
| 255|0x000000008ff00000, 0x000000008ff00000, 0x0000000090000000|  0%| F|  |TAMS 0x000000008ff00000, 0x000000008ff00000| Untracked 
| 256|0x0000000090000000, 0x0000000090000000, 0x0000000090100000|  0%| F|  |TAMS 0x0000000090000000, 0x0000000090000000| Untracked 
| 257|0x0000000090100000, 0x0000000090100000, 0x0000000090200000|  0%| F|  |TAMS 0x0000000090100000, 0x0000000090100000| Untracked 
| 258|0x0000000090200000, 0x0000000090200000, 0x0000000090300000|  0%| F|  |TAMS 0x0000000090200000, 0x0000000090200000| Untracked 
| 259|0x0000000090300000, 0x0000000090300000, 0x0000000090400000|  0%| F|  |TAMS 0x0000000090300000, 0x0000000090300000| Untracked 
| 260|0x0000000090400000, 0x0000000090400000, 0x0000000090500000|  0%| F|  |TAMS 0x0000000090400000, 0x0000000090400000| Untracked 
| 261|0x0000000090500000, 0x0000000090500000, 0x0000000090600000|  0%| F|  |TAMS 0x0000000090500000, 0x0000000090500000| Untracked 
| 262|0x0000000090600000, 0x0000000090600000, 0x0000000090700000|  0%| F|  |TAMS 0x0000000090600000, 0x0000000090600000| Untracked 
| 263|0x0000000090700000, 0x0000000090700000, 0x0000000090800000|  0%| F|  |TAMS 0x0000000090700000, 0x0000000090700000| Untracked 
| 264|0x0000000090800000, 0x0000000090800000, 0x0000000090900000|  0%| F|  |TAMS 0x0000000090800000, 0x0000000090800000| Untracked 
| 265|0x0000000090900000, 0x0000000090900000, 0x0000000090a00000|  0%| F|  |TAMS 0x0000000090900000, 0x0000000090900000| Untracked 
| 266|0x0000000090a00000, 0x0000000090a00000, 0x0000000090b00000|  0%| F|  |TAMS 0x0000000090a00000, 0x0000000090a00000| Untracked 
| 267|0x0000000090b00000, 0x0000000090b00000, 0x0000000090c00000|  0%| F|  |TAMS 0x0000000090b00000, 0x0000000090b00000| Untracked 
| 268|0x0000000090c00000, 0x0000000090c00000, 0x0000000090d00000|  0%| F|  |TAMS 0x0000000090c00000, 0x0000000090c00000| Untracked 
| 269|0x0000000090d00000, 0x0000000090d00000, 0x0000000090e00000|  0%| F|  |TAMS 0x0000000090d00000, 0x0000000090d00000| Untracked 
| 270|0x0000000090e00000, 0x0000000090e00000, 0x0000000090f00000|  0%| F|  |TAMS 0x0000000090e00000, 0x0000000090e00000| Untracked 
| 271|0x0000000090f00000, 0x0000000090f00000, 0x0000000091000000|  0%| F|  |TAMS 0x0000000090f00000, 0x0000000090f00000| Untracked 
| 272|0x0000000091000000, 0x0000000091000000, 0x0000000091100000|  0%| F|  |TAMS 0x0000000091000000, 0x0000000091000000| Untracked 
| 273|0x0000000091100000, 0x0000000091100000, 0x0000000091200000|  0%| F|  |TAMS 0x0000000091100000, 0x0000000091100000| Untracked 
| 274|0x0000000091200000, 0x0000000091200000, 0x0000000091300000|  0%| F|  |TAMS 0x0000000091200000, 0x0000000091200000| Untracked 
| 275|0x0000000091300000, 0x0000000091300000, 0x0000000091400000|  0%| F|  |TAMS 0x0000000091300000, 0x0000000091300000| Untracked 
| 276|0x0000000091400000, 0x0000000091400000, 0x0000000091500000|  0%| F|  |TAMS 0x0000000091400000, 0x0000000091400000| Untracked 
| 277|0x0000000091500000, 0x0000000091500000, 0x0000000091600000|  0%| F|  |TAMS 0x0000000091500000, 0x0000000091500000| Untracked 
| 278|0x0000000091600000, 0x0000000091600000, 0x0000000091700000|  0%| F|  |TAMS 0x0000000091600000, 0x0000000091600000| Untracked 
| 279|0x0000000091700000, 0x0000000091700000, 0x0000000091800000|  0%| F|  |TAMS 0x0000000091700000, 0x0000000091700000| Untracked 
| 280|0x0000000091800000, 0x0000000091800000, 0x0000000091900000|  0%| F|  |TAMS 0x0000000091800000, 0x0000000091800000| Untracked 
| 281|0x0000000091900000, 0x0000000091900000, 0x0000000091a00000|  0%| F|  |TAMS 0x0000000091900000, 0x0000000091900000| Untracked 
| 282|0x0000000091a00000, 0x0000000091a00000, 0x0000000091b00000|  0%| F|  |TAMS 0x0000000091a00000, 0x0000000091a00000| Untracked 
| 283|0x0000000091b00000, 0x0000000091b00000, 0x0000000091c00000|  0%| F|  |TAMS 0x0000000091b00000, 0x0000000091b00000| Untracked 
| 284|0x0000000091c00000, 0x0000000091c00000, 0x0000000091d00000|  0%| F|  |TAMS 0x0000000091c00000, 0x0000000091c00000| Untracked 
| 285|0x0000000091d00000, 0x0000000091d00000, 0x0000000091e00000|  0%| F|  |TAMS 0x0000000091d00000, 0x0000000091d00000| Untracked 
| 286|0x0000000091e00000, 0x0000000091e00000, 0x0000000091f00000|  0%| F|  |TAMS 0x0000000091e00000, 0x0000000091e00000| Untracked 
| 287|0x0000000091f00000, 0x0000000091f00000, 0x0000000092000000|  0%| F|  |TAMS 0x0000000091f00000, 0x0000000091f00000| Untracked 
| 288|0x0000000092000000, 0x0000000092000000, 0x0000000092100000|  0%| F|  |TAMS 0x0000000092000000, 0x0000000092000000| Untracked 
| 289|0x0000000092100000, 0x0000000092100000, 0x0000000092200000|  0%| F|  |TAMS 0x0000000092100000, 0x0000000092100000| Untracked 
| 290|0x0000000092200000, 0x0000000092200000, 0x0000000092300000|  0%| F|  |TAMS 0x0000000092200000, 0x0000000092200000| Untracked 
| 291|0x0000000092300000, 0x0000000092300000, 0x0000000092400000|  0%| F|  |TAMS 0x0000000092300000, 0x0000000092300000| Untracked 
| 292|0x0000000092400000, 0x0000000092400000, 0x0000000092500000|  0%| F|  |TAMS 0x0000000092400000, 0x0000000092400000| Untracked 
| 293|0x0000000092500000, 0x0000000092500000, 0x0000000092600000|  0%| F|  |TAMS 0x0000000092500000, 0x0000000092500000| Untracked 
| 294|0x0000000092600000, 0x0000000092600000, 0x0000000092700000|  0%| F|  |TAMS 0x0000000092600000, 0x0000000092600000| Untracked 
| 295|0x0000000092700000, 0x0000000092700000, 0x0000000092800000|  0%| F|  |TAMS 0x0000000092700000, 0x0000000092700000| Untracked 
| 296|0x0000000092800000, 0x0000000092850718, 0x0000000092900000| 31%| E|  |TAMS 0x0000000092800000, 0x0000000092800000| Complete 
| 297|0x0000000092900000, 0x0000000092a00000, 0x0000000092a00000|100%| E|CS|TAMS 0x0000000092900000, 0x0000000092900000| Complete 
| 298|0x0000000092a00000, 0x0000000092b00000, 0x0000000092b00000|100%| E|CS|TAMS 0x0000000092a00000, 0x0000000092a00000| Complete 
| 299|0x0000000092b00000, 0x0000000092c00000, 0x0000000092c00000|100%| E|CS|TAMS 0x0000000092b00000, 0x0000000092b00000| Complete 
| 300|0x0000000092c00000, 0x0000000092d00000, 0x0000000092d00000|100%| E|CS|TAMS 0x0000000092c00000, 0x0000000092c00000| Complete 
| 301|0x0000000092d00000, 0x0000000092e00000, 0x0000000092e00000|100%| E|CS|TAMS 0x0000000092d00000, 0x0000000092d00000| Complete 
| 302|0x0000000092e00000, 0x0000000092f00000, 0x0000000092f00000|100%| E|CS|TAMS 0x0000000092e00000, 0x0000000092e00000| Complete 
| 303|0x0000000092f00000, 0x0000000093000000, 0x0000000093000000|100%| E|CS|TAMS 0x0000000092f00000, 0x0000000092f00000| Complete 
| 304|0x0000000093000000, 0x0000000093100000, 0x0000000093100000|100%| E|CS|TAMS 0x0000000093000000, 0x0000000093000000| Complete 
| 305|0x0000000093100000, 0x0000000093200000, 0x0000000093200000|100%| E|CS|TAMS 0x0000000093100000, 0x0000000093100000| Complete 
| 306|0x0000000093200000, 0x0000000093300000, 0x0000000093300000|100%| E|CS|TAMS 0x0000000093200000, 0x0000000093200000| Complete 
| 307|0x0000000093300000, 0x0000000093400000, 0x0000000093400000|100%| E|CS|TAMS 0x0000000093300000, 0x0000000093300000| Complete 
| 308|0x0000000093400000, 0x0000000093500000, 0x0000000093500000|100%| E|CS|TAMS 0x0000000093400000, 0x0000000093400000| Complete 
| 309|0x0000000093500000, 0x0000000093600000, 0x0000000093600000|100%| E|CS|TAMS 0x0000000093500000, 0x0000000093500000| Complete 
| 310|0x0000000093600000, 0x0000000093700000, 0x0000000093700000|100%| E|CS|TAMS 0x0000000093600000, 0x0000000093600000| Complete 
| 311|0x0000000093700000, 0x0000000093800000, 0x0000000093800000|100%| E|CS|TAMS 0x0000000093700000, 0x0000000093700000| Complete 
| 312|0x0000000093800000, 0x0000000093900000, 0x0000000093900000|100%| E|CS|TAMS 0x0000000093800000, 0x0000000093800000| Complete 
| 313|0x0000000093900000, 0x0000000093a00000, 0x0000000093a00000|100%| E|CS|TAMS 0x0000000093900000, 0x0000000093900000| Complete 
| 314|0x0000000093a00000, 0x0000000093b00000, 0x0000000093b00000|100%| E|CS|TAMS 0x0000000093a00000, 0x0000000093a00000| Complete 
| 315|0x0000000093b00000, 0x0000000093c00000, 0x0000000093c00000|100%| E|CS|TAMS 0x0000000093b00000, 0x0000000093b00000| Complete 
| 316|0x0000000093c00000, 0x0000000093d00000, 0x0000000093d00000|100%| E|CS|TAMS 0x0000000093c00000, 0x0000000093c00000| Complete 
| 317|0x0000000093d00000, 0x0000000093e00000, 0x0000000093e00000|100%| E|CS|TAMS 0x0000000093d00000, 0x0000000093d00000| Complete 
| 318|0x0000000093e00000, 0x0000000093f00000, 0x0000000093f00000|100%| E|CS|TAMS 0x0000000093e00000, 0x0000000093e00000| Complete 
| 319|0x0000000093f00000, 0x0000000094000000, 0x0000000094000000|100%| E|CS|TAMS 0x0000000093f00000, 0x0000000093f00000| Complete 
| 320|0x0000000094000000, 0x0000000094100000, 0x0000000094100000|100%| E|CS|TAMS 0x0000000094000000, 0x0000000094000000| Complete 
| 321|0x0000000094100000, 0x0000000094200000, 0x0000000094200000|100%| E|CS|TAMS 0x0000000094100000, 0x0000000094100000| Complete 
| 322|0x0000000094200000, 0x0000000094300000, 0x0000000094300000|100%| E|CS|TAMS 0x0000000094200000, 0x0000000094200000| Complete 
| 323|0x0000000094300000, 0x0000000094400000, 0x0000000094400000|100%| E|CS|TAMS 0x0000000094300000, 0x0000000094300000| Complete 
| 324|0x0000000094400000, 0x0000000094500000, 0x0000000094500000|100%| E|CS|TAMS 0x0000000094400000, 0x0000000094400000| Complete 
| 325|0x0000000094500000, 0x0000000094600000, 0x0000000094600000|100%| E|CS|TAMS 0x0000000094500000, 0x0000000094500000| Complete 
| 326|0x0000000094600000, 0x0000000094700000, 0x0000000094700000|100%| E|CS|TAMS 0x0000000094600000, 0x0000000094600000| Complete 
| 327|0x0000000094700000, 0x0000000094800000, 0x0000000094800000|100%| E|CS|TAMS 0x0000000094700000, 0x0000000094700000| Complete 
| 328|0x0000000094800000, 0x0000000094900000, 0x0000000094900000|100%| E|CS|TAMS 0x0000000094800000, 0x0000000094800000| Complete 
| 329|0x0000000094900000, 0x0000000094a00000, 0x0000000094a00000|100%| E|CS|TAMS 0x0000000094900000, 0x0000000094900000| Complete 
| 330|0x0000000094a00000, 0x0000000094b00000, 0x0000000094b00000|100%| E|  |TAMS 0x0000000094a00000, 0x0000000094a00000| Complete 
| 331|0x0000000094b00000, 0x0000000094c00000, 0x0000000094c00000|100%| E|CS|TAMS 0x0000000094b00000, 0x0000000094b00000| Complete 
| 332|0x0000000094c00000, 0x0000000094d00000, 0x0000000094d00000|100%| E|CS|TAMS 0x0000000094c00000, 0x0000000094c00000| Complete 
| 333|0x0000000094d00000, 0x0000000094e00000, 0x0000000094e00000|100%| E|CS|TAMS 0x0000000094d00000, 0x0000000094d00000| Complete 
| 334|0x0000000094e00000, 0x0000000094f00000, 0x0000000094f00000|100%| E|CS|TAMS 0x0000000094e00000, 0x0000000094e00000| Complete 
| 335|0x0000000094f00000, 0x0000000095000000, 0x0000000095000000|100%| E|CS|TAMS 0x0000000094f00000, 0x0000000094f00000| Complete 
| 336|0x0000000095000000, 0x0000000095100000, 0x0000000095100000|100%| E|CS|TAMS 0x0000000095000000, 0x0000000095000000| Complete 
| 337|0x0000000095100000, 0x0000000095200000, 0x0000000095200000|100%| E|CS|TAMS 0x0000000095100000, 0x0000000095100000| Complete 
| 338|0x0000000095200000, 0x0000000095300000, 0x0000000095300000|100%| E|CS|TAMS 0x0000000095200000, 0x0000000095200000| Complete 
| 339|0x0000000095300000, 0x0000000095400000, 0x0000000095400000|100%| E|CS|TAMS 0x0000000095300000, 0x0000000095300000| Complete 
| 340|0x0000000095400000, 0x0000000095500000, 0x0000000095500000|100%| S|CS|TAMS 0x0000000095400000, 0x0000000095400000| Complete 
| 341|0x0000000095500000, 0x0000000095600000, 0x0000000095600000|100%| S|CS|TAMS 0x0000000095500000, 0x0000000095500000| Complete 
| 342|0x0000000095600000, 0x0000000095700000, 0x0000000095700000|100%| E|CS|TAMS 0x0000000095600000, 0x0000000095600000| Complete 
| 343|0x0000000095700000, 0x0000000095800000, 0x0000000095800000|100%| E|CS|TAMS 0x0000000095700000, 0x0000000095700000| Complete 
| 344|0x0000000095800000, 0x0000000095900000, 0x0000000095900000|100%| E|CS|TAMS 0x0000000095800000, 0x0000000095800000| Complete 
| 345|0x0000000095900000, 0x0000000095a00000, 0x0000000095a00000|100%| E|CS|TAMS 0x0000000095900000, 0x0000000095900000| Complete 
| 346|0x0000000095a00000, 0x0000000095b00000, 0x0000000095b00000|100%| E|CS|TAMS 0x0000000095a00000, 0x0000000095a00000| Complete 
| 347|0x0000000095b00000, 0x0000000095c00000, 0x0000000095c00000|100%| E|CS|TAMS 0x0000000095b00000, 0x0000000095b00000| Complete 

Card table byte_map: [0x0000020f28340000,0x0000020f28740000] _byte_map_base: 0x0000020f27f40000

Marking Bits (Prev, Next): (CMBitMap*) 0x0000020f151137f8, (CMBitMap*) 0x0000020f15113830
 Prev Bits: [0x0000020f28b40000, 0x0000020f2ab40000)
 Next Bits: [0x0000020f2ab40000, 0x0000020f2cb40000)

Polling page: 0x0000020f12fc0000

Metaspace:

Usage:
  Non-class:    119.83 MB capacity,   116.62 MB ( 97%) used,     2.63 MB (  2%) free+waste,   600.69 KB ( <1%) overhead. 
      Class:     17.97 MB capacity,    16.13 MB ( 90%) used,     1.58 MB (  9%) free+waste,   266.69 KB (  1%) overhead. 
       Both:    137.80 MB capacity,   132.75 MB ( 96%) used,     4.20 MB (  3%) free+waste,   867.38 KB ( <1%) overhead. 

Virtual space:
  Non-class space:      122.00 MB reserved,     120.04 MB ( 98%) committed 
      Class space:        1.00 GB reserved,      18.00 MB (  2%) committed 
             Both:        1.12 GB reserved,     138.04 MB ( 12%) committed 

Chunk freelists:
   Non-Class:  2.00 KB
       Class:  0 bytes
        Both:  2.00 KB

MaxMetaspaceSize: 17179869184.00 GB
CompressedClassSpaceSize: 1.00 GB
Initial GC threshold: 20.80 MB
Current GC threshold: 230.07 MB
CDS: off

CodeHeap 'non-profiled nmethods': size=120000Kb used=19122Kb max_used=19213Kb free=100877Kb
 bounds [0x0000020f206d0000, 0x0000020f219b0000, 0x0000020f27c00000]
CodeHeap 'profiled nmethods': size=120000Kb used=56784Kb max_used=58327Kb free=63215Kb
 bounds [0x0000020f191a0000, 0x0000020f1caa0000, 0x0000020f206d0000]
CodeHeap 'non-nmethods': size=5760Kb used=2456Kb max_used=2548Kb free=3303Kb
 bounds [0x0000020f18c00000, 0x0000020f18e90000, 0x0000020f191a0000]
 total_blobs=28275 nmethods=27289 adapters=896
 compilation: enabled
              stopped_count=0, restarted_count=0
 full_count=0

Compilation events (20 events):
Event: 1860.700 Thread 0x0000020f2f5b8800 nmethod 33949 0x0000020f1a635a10 code [0x0000020f1a635c20, 0x0000020f1a636158]
Event: 1860.701 Thread 0x0000020f2f5ad800 nmethod 33946 0x0000020f20e2e790 code [0x0000020f20e2e940, 0x0000020f20e2ebf8]
Event: 1860.701 Thread 0x0000020f2f5ad800 33947       4       org.gradle.api.internal.artifacts.ivyservice.ivyresolve.RepositoryChainComponentMetaDataResolver::isFetchingMetadataCheap (82 bytes)
Event: 1860.712 Thread 0x0000020f2f5ad800 nmethod 33947 0x0000020f20e2de10 code [0x0000020f20e2dfe0, 0x0000020f20e2e308]
Event: 1860.713 Thread 0x0000020f2f5ad800 33954       4       java.util.Formatter::checkText (58 bytes)
Event: 1860.713 Thread 0x0000020f30215800 33951       4       org.gradle.api.internal.artifacts.type.DefaultArtifactTypeRegistry::mapAttributesFor (202 bytes)
Event: 1860.723 Thread 0x0000020f2f5ad800 nmethod 33954 0x0000020f20e2d910 code [0x0000020f20e2daa0, 0x0000020f20e2dd18]
Event: 1860.723 Thread 0x0000020f2f5ad800 33952       4       org.gradle.api.internal.artifacts.ivyservice.resolveengine.artifact.DefaultArtifactSet::toResolvedVariant (258 bytes)
Event: 1860.741 Thread 0x0000020f2f5b8800 33955   !   3       org.gradle.internal.logging.services.DefaultLoggingManager::stop (189 bytes)
Event: 1860.743 Thread 0x0000020f2f5b8800 nmethod 33955 0x0000020f1a2ab210 code [0x0000020f1a2ab5a0, 0x0000020f1a2ad088]
Event: 1860.743 Thread 0x0000020f2f5b8800 33956   !   3       org.gradle.internal.logging.services.DefaultLoggingManager$StartableLoggingRouter::stop (37 bytes)
Event: 1860.743 Thread 0x0000020f2f5b8800 nmethod 33956 0x0000020f19ae3910 code [0x0000020f19ae3ae0, 0x0000020f19ae3d88]
Event: 1860.758 Thread 0x0000020f2f5b8800 33957       3       java.util.concurrent.CountDownLatch::countDown (10 bytes)
Event: 1860.758 Thread 0x0000020f2f5b8800 nmethod 33957 0x0000020f1a291790 code [0x0000020f1a291960, 0x0000020f1a291b98]
Event: 1860.758 Thread 0x0000020f2f5b8800 33958       3       java.util.concurrent.CountDownLatch$Sync::tryReleaseShared (37 bytes)
Event: 1860.759 Thread 0x0000020f2f5b8800 nmethod 33958 0x0000020f1a58cd90 code [0x0000020f1a58cfc0, 0x0000020f1a58d6f8]
Event: 1860.759 Thread 0x0000020f2f5b8800 33959       3       java.util.concurrent.CountDownLatch::await (9 bytes)
Event: 1860.760 Thread 0x0000020f2f5b8800 nmethod 33959 0x0000020f19792f10 code [0x0000020f19793120, 0x0000020f19793568]
Event: 1860.760 Thread 0x0000020f2f5b8800 33960       3       java.util.concurrent.locks.AbstractQueuedSynchronizer::acquireSharedInterruptibly (28 bytes)
Event: 1860.760 Thread 0x0000020f2f5b8800 nmethod 33960 0x0000020f19aa4e10 code [0x0000020f19aa5000, 0x0000020f19aa53b8]

GC Heap History (20 events):
Event: 1567.107 GC heap before
{Heap before GC invocations=175 (full 0):
 garbage-first heap   total 356352K, used 163921K [0x0000000080000000, 0x0000000100000000)
  region size 1024K, 17 young (17408K), 7 survivors (7168K)
 Metaspace       used 133883K, capacity 138267K, committed 138920K, reserved 1169408K
  class space    used 16203K, capacity 17822K, committed 18304K, reserved 1048576K
}
Event: 1567.144 GC heap after
{Heap after GC invocations=176 (full 0):
 garbage-first heap   total 356352K, used 140425K [0x0000000080000000, 0x0000000100000000)
  region size 1024K, 1 young (1024K), 1 survivors (1024K)
 Metaspace       used 133883K, capacity 138267K, committed 138920K, reserved 1169408K
  class space    used 16203K, capacity 17822K, committed 18304K, reserved 1048576K
}
Event: 1591.077 GC heap before
{Heap before GC invocations=176 (full 0):
 garbage-first heap   total 356352K, used 248969K [0x0000000080000000, 0x0000000100000000)
  region size 1024K, 108 young (110592K), 1 survivors (1024K)
 Metaspace       used 135587K, capacity 140836K, committed 141096K, reserved 1171456K
  class space    used 16503K, capacity 18378K, committed 18432K, reserved 1048576K
}
Event: 1591.114 GC heap after
{Heap after GC invocations=177 (full 0):
 garbage-first heap   total 356352K, used 148972K [0x0000000080000000, 0x0000000100000000)
  region size 1024K, 10 young (10240K), 10 survivors (10240K)
 Metaspace       used 135587K, capacity 140836K, committed 141096K, reserved 1171456K
  class space    used 16503K, capacity 18378K, committed 18432K, reserved 1048576K
}
Event: 1593.324 GC heap before
{Heap before GC invocations=178 (full 0):
 garbage-first heap   total 356352K, used 276972K [0x0000000080000000, 0x0000000100000000)
  region size 1024K, 117 young (119808K), 10 survivors (10240K)
 Metaspace       used 135602K, capacity 140900K, committed 141096K, reserved 1171456K
  class space    used 16503K, capacity 18378K, committed 18432K, reserved 1048576K
}
Event: 1593.386 GC heap after
{Heap after GC invocations=179 (full 0):
 garbage-first heap   total 356352K, used 178326K [0x0000000080000000, 0x0000000100000000)
  region size 1024K, 15 young (15360K), 15 survivors (15360K)
 Metaspace       used 135602K, capacity 140900K, committed 141096K, reserved 1171456K
  class space    used 16503K, capacity 18378K, committed 18432K, reserved 1048576K
}
Event: 1593.414 GC heap before
{Heap before GC invocations=179 (full 0):
 garbage-first heap   total 356352K, used 179350K [0x0000000080000000, 0x0000000100000000)
  region size 1024K, 17 young (17408K), 15 survivors (15360K)
 Metaspace       used 135604K, capacity 140900K, committed 141096K, reserved 1171456K
  class space    used 16503K, capacity 18378K, committed 18432K, reserved 1048576K
}
Event: 1593.453 GC heap after
{Heap after GC invocations=180 (full 0):
 garbage-first heap   total 356352K, used 169749K [0x0000000080000000, 0x0000000100000000)
  region size 1024K, 2 young (2048K), 2 survivors (2048K)
 Metaspace       used 135604K, capacity 140900K, committed 141096K, reserved 1171456K
  class space    used 16503K, capacity 18378K, committed 18432K, reserved 1048576K
}
Event: 1594.085 GC heap before
{Heap before GC invocations=180 (full 0):
 garbage-first heap   total 356352K, used 206613K [0x0000000080000000, 0x0000000100000000)
  region size 1024K, 39 young (39936K), 2 survivors (2048K)
 Metaspace       used 135621K, capacity 140900K, committed 141096K, reserved 1171456K
  class space    used 16503K, capacity 18378K, committed 18432K, reserved 1048576K
}
Event: 1594.107 GC heap after
{Heap after GC invocations=181 (full 0):
 garbage-first heap   total 356352K, used 177757K [0x0000000080000000, 0x0000000100000000)
  region size 1024K, 10 young (10240K), 10 survivors (10240K)
 Metaspace       used 135621K, capacity 140900K, committed 141096K, reserved 1171456K
  class space    used 16503K, capacity 18378K, committed 18432K, reserved 1048576K
}
Event: 1595.125 GC heap before
{Heap before GC invocations=182 (full 0):
 garbage-first heap   total 356352K, used 293469K [0x0000000080000000, 0x0000000100000000)
  region size 1024K, 96 young (98304K), 10 survivors (10240K)
 Metaspace       used 135647K, capacity 140901K, committed 141096K, reserved 1171456K
  class space    used 16503K, capacity 18378K, committed 18432K, reserved 1048576K
}
Event: 1595.140 GC heap after
{Heap after GC invocations=183 (full 0):
 garbage-first heap   total 356352K, used 184270K [0x0000000080000000, 0x0000000100000000)
  region size 1024K, 12 young (12288K), 12 survivors (12288K)
 Metaspace       used 135647K, capacity 140901K, committed 141096K, reserved 1171456K
  class space    used 16503K, capacity 18378K, committed 18432K, reserved 1048576K
}
Event: 1595.159 GC heap before
{Heap before GC invocations=183 (full 0):
 garbage-first heap   total 356352K, used 189390K [0x0000000080000000, 0x0000000100000000)
  region size 1024K, 17 young (17408K), 12 survivors (12288K)
 Metaspace       used 135662K, capacity 140901K, committed 141096K, reserved 1171456K
  class space    used 16503K, capacity 18378K, committed 18432K, reserved 1048576K
}
Event: 1595.171 GC heap after
{Heap after GC invocations=184 (full 0):
 garbage-first heap   total 356352K, used 179605K [0x0000000080000000, 0x0000000100000000)
  region size 1024K, 2 young (2048K), 2 survivors (2048K)
 Metaspace       used 135662K, capacity 140901K, committed 141096K, reserved 1171456K
  class space    used 16503K, capacity 18378K, committed 18432K, reserved 1048576K
}
Event: 1595.661 GC heap before
{Heap before GC invocations=184 (full 0):
 garbage-first heap   total 356352K, used 268693K [0x0000000080000000, 0x0000000100000000)
  region size 1024K, 90 young (92160K), 2 survivors (2048K)
 Metaspace       used 135766K, capacity 141032K, committed 141096K, reserved 1171456K
  class space    used 16504K, capacity 18379K, committed 18432K, reserved 1048576K
}
Event: 1595.672 GC heap after
{Heap after GC invocations=185 (full 0):
 garbage-first heap   total 356352K, used 181156K [0x0000000080000000, 0x0000000100000000)
  region size 1024K, 4 young (4096K), 4 survivors (4096K)
 Metaspace       used 135766K, capacity 141032K, committed 141096K, reserved 1171456K
  class space    used 16504K, capacity 18379K, committed 18432K, reserved 1048576K
}
Event: 1606.849 GC heap before
{Heap before GC invocations=186 (full 0):
 garbage-first heap   total 356352K, used 255908K [0x0000000080000000, 0x0000000100000000)
  region size 1024K, 97 young (99328K), 4 survivors (4096K)
 Metaspace       used 135891K, capacity 141080K, committed 141352K, reserved 1173504K
  class space    used 16512K, capacity 18392K, committed 18432K, reserved 1048576K
}
Event: 1606.871 GC heap after
{Heap after GC invocations=187 (full 0):
 garbage-first heap   total 356352K, used 168422K [0x0000000080000000, 0x0000000100000000)
  region size 1024K, 11 young (11264K), 11 survivors (11264K)
 Metaspace       used 135891K, capacity 141080K, committed 141352K, reserved 1173504K
  class space    used 16512K, capacity 18392K, committed 18432K, reserved 1048576K
}
Event: 1607.186 GC heap before
{Heap before GC invocations=187 (full 0):
 garbage-first heap   total 356352K, used 174566K [0x0000000080000000, 0x0000000100000000)
  region size 1024K, 17 young (17408K), 11 survivors (11264K)
 Metaspace       used 135892K, capacity 141080K, committed 141352K, reserved 1173504K
  class space    used 16512K, capacity 18392K, committed 18432K, reserved 1048576K
}
Event: 1607.203 GC heap after
{Heap after GC invocations=188 (full 0):
 garbage-first heap   total 356352K, used 141433K [0x0000000080000000, 0x0000000100000000)
  region size 1024K, 2 young (2048K), 2 survivors (2048K)
 Metaspace       used 135892K, capacity 141080K, committed 141352K, reserved 1173504K
  class space    used 16512K, capacity 18392K, committed 18432K, reserved 1048576K
}

Deoptimization events (20 events):
Event: 1598.465 Thread 0x0000020f33ba0800 Uncommon trap: trap_request=0xffffff4d fr.pc=0x0000020f2186164c relative=0x0000000000000d8c
Event: 1598.465 Thread 0x0000020f33ba0800 Uncommon trap: reason=unstable_if action=reinterpret pc=0x0000020f2186164c method=java.util.Objects.equals(Ljava/lang/Object;Ljava/lang/Object;)Z @ 6 c2
Event: 1598.465 Thread 0x0000020f33ba0800 DEOPT PACKING pc=0x0000020f2186164c sp=0x00000094c04fe050
Event: 1598.465 Thread 0x0000020f33ba0800 DEOPT UNPACKING pc=0x0000020f18c4a1af sp=0x00000094c04fdf90 mode 2
Event: 1598.465 Thread 0x0000020f33ba0800 Uncommon trap: trap_request=0xffffff4d fr.pc=0x0000020f207b62f8 relative=0x0000000000000058
Event: 1598.465 Thread 0x0000020f33ba0800 Uncommon trap: reason=unstable_if action=reinterpret pc=0x0000020f207b62f8 method=java.util.Objects.equals(Ljava/lang/Object;Ljava/lang/Object;)Z @ 6 c2
Event: 1598.465 Thread 0x0000020f33ba0800 DEOPT PACKING pc=0x0000020f207b62f8 sp=0x00000094c04fe050
Event: 1598.465 Thread 0x0000020f33ba0800 DEOPT UNPACKING pc=0x0000020f18c4a1af sp=0x00000094c04fdff0 mode 2
Event: 1606.836 Thread 0x0000020f33b9c000 Uncommon trap: trap_request=0xfffffff4 fr.pc=0x0000020f208caf98 relative=0x0000000000000538
Event: 1606.836 Thread 0x0000020f33b9c000 Uncommon trap: reason=null_check action=make_not_entrant pc=0x0000020f208caf98 method=org.gradle.api.internal.tasks.properties.bean.AbstractNestedRuntimeBeanNode$BeanPropertyValue.isConfigurable()Z @ 9 c2
Event: 1606.836 Thread 0x0000020f33b9c000 DEOPT PACKING pc=0x0000020f208caf98 sp=0x00000094c04fd980
Event: 1606.836 Thread 0x0000020f33b9c000 DEOPT UNPACKING pc=0x0000020f18c4a1af sp=0x00000094c04fd8d8 mode 2
Event: 1860.711 Thread 0x0000020f3a27a800 Uncommon trap: trap_request=0xffffff4d fr.pc=0x0000020f212f2aa8 relative=0x0000000000001408
Event: 1860.711 Thread 0x0000020f3a27a800 Uncommon trap: reason=unstable_if action=reinterpret pc=0x0000020f212f2aa8 method=org.gradle.internal.operations.DefaultBuildOperationRunner.assertParentRunning(Ljava/lang/String;Lorg/gradle/internal/operations/BuildOperationDescriptor;Lorg/gradle/interna
Event: 1860.712 Thread 0x0000020f3a27a800 DEOPT PACKING pc=0x0000020f212f2aa8 sp=0x00000094baafe960
Event: 1860.712 Thread 0x0000020f3a27a800 DEOPT UNPACKING pc=0x0000020f18c4a1af sp=0x00000094baafe8c0 mode 2
Event: 1860.712 Thread 0x0000020f3a27a800 Uncommon trap: trap_request=0xffffff4d fr.pc=0x0000020f21158a74 relative=0x0000000000000054
Event: 1860.712 Thread 0x0000020f3a27a800 Uncommon trap: reason=unstable_if action=reinterpret pc=0x0000020f21158a74 method=org.gradle.internal.operations.DefaultBuildOperationRunner.assertParentRunning(Ljava/lang/String;Lorg/gradle/internal/operations/BuildOperationDescriptor;Lorg/gradle/interna
Event: 1860.712 Thread 0x0000020f3a27a800 DEOPT PACKING pc=0x0000020f21158a74 sp=0x00000094baafe900
Event: 1860.712 Thread 0x0000020f3a27a800 DEOPT UNPACKING pc=0x0000020f18c4a1af sp=0x00000094baafe8a8 mode 2

Classes redefined (0 events):
No events

Internal exceptions (20 events):
Event: 1595.558 Thread 0x0000020f33b9c000 Exception <a 'sun/nio/fs/WindowsException'{0x00000000913c34a8}> (0x00000000913c34a8) thrown at [src/hotspot/share/prims/jni.cpp, line 617]
Event: 1598.459 Thread 0x0000020f376f5000 Exception <a 'java/io/IOException'{0x00000000940c0ff0}> (0x00000000940c0ff0) thrown at [src/hotspot/share/prims/jni.cpp, line 617]
Event: 1598.465 Thread 0x0000020f33ba0800 Implicit null exception at 0x0000020f21860bc0 to 0x0000020f21861630
Event: 1598.474 Thread 0x0000020f33b9b800 Exception <a 'sun/nio/fs/WindowsException'{0x0000000093d15260}> (0x0000000093d15260) thrown at [src/hotspot/share/prims/jni.cpp, line 617]
Event: 1598.474 Thread 0x0000020f33b9b800 Exception <a 'sun/nio/fs/WindowsException'{0x0000000093d152e8}> (0x0000000093d152e8) thrown at [src/hotspot/share/prims/jni.cpp, line 617]
Event: 1598.474 Thread 0x0000020f33b9b800 Exception <a 'sun/nio/fs/WindowsException'{0x0000000093d16d40}> (0x0000000093d16d40) thrown at [src/hotspot/share/prims/jni.cpp, line 617]
Event: 1606.379 Thread 0x0000020f33b9b800 Exception <a 'sun/nio/fs/WindowsException'{0x0000000091da8ce0}> (0x0000000091da8ce0) thrown at [src/hotspot/share/prims/jni.cpp, line 617]
Event: 1606.437 Thread 0x0000020f33b9b800 Exception <a 'java/lang/NoClassDefFoundError'{0x000000009196ea78}: org/jetbrains/kotlin/gradle/plugin/KotlinBasePluginWrapper> (0x000000009196ea78) thrown at [src/hotspot/share/oops/constantPool.cpp, line 775]
Event: 1606.480 Thread 0x0000020f33b9b800 Exception <a 'sun/nio/fs/WindowsException'{0x00000000916761b8}> (0x00000000916761b8) thrown at [src/hotspot/share/prims/jni.cpp, line 617]
Event: 1606.490 Thread 0x0000020f33b9b800 Exception <a 'sun/nio/fs/WindowsException'{0x0000000091511f48}> (0x0000000091511f48) thrown at [src/hotspot/share/prims/jni.cpp, line 617]
Event: 1606.490 Thread 0x0000020f33b9b800 Exception <a 'sun/nio/fs/WindowsException'{0x00000000915131b0}> (0x00000000915131b0) thrown at [src/hotspot/share/prims/jni.cpp, line 617]
Event: 1606.490 Thread 0x0000020f33b9b800 Exception <a 'sun/nio/fs/WindowsException'{0x0000000091514468}> (0x0000000091514468) thrown at [src/hotspot/share/prims/jni.cpp, line 617]
Event: 1606.491 Thread 0x0000020f33b9b800 Exception <a 'sun/nio/fs/WindowsException'{0x0000000091515720}> (0x0000000091515720) thrown at [src/hotspot/share/prims/jni.cpp, line 617]
Event: 1606.836 Thread 0x0000020f33b9c000 Implicit null exception at 0x0000020f208caa98 to 0x0000020f208caf84
Event: 1610.052 Thread 0x0000020f33ba2800 Exception <a 'java/io/IOException'{0x0000000094bee8b0}> (0x0000000094bee8b0) thrown at [src/hotspot/share/prims/jni.cpp, line 617]
Event: 1610.068 Thread 0x0000020f33b9b800 Exception <a 'sun/nio/fs/WindowsException'{0x00000000949fce80}> (0x00000000949fce80) thrown at [src/hotspot/share/prims/jni.cpp, line 617]
Event: 1610.068 Thread 0x0000020f33b9b800 Exception <a 'sun/nio/fs/WindowsException'{0x00000000949fcf08}> (0x00000000949fcf08) thrown at [src/hotspot/share/prims/jni.cpp, line 617]
Event: 1610.069 Thread 0x0000020f33b9b800 Exception <a 'sun/nio/fs/WindowsException'{0x00000000949fe960}> (0x00000000949fe960) thrown at [src/hotspot/share/prims/jni.cpp, line 617]
Event: 1860.710 Thread 0x0000020f3a274000 Exception <a 'java/lang/OutOfMemoryError'{0x0000000092ee7d00}: unable to create native thread: possibly out of memory or process/resource limits reached> (0x0000000092ee7d00) thrown at [src/hotspot/share/prims/jvm.cpp, line 2924]
Event: 1860.715 Thread 0x0000020f3a275000 Exception <a 'java/lang/NoSuchMethodError'{0x000000009395d200}: <clinit>> (0x000000009395d200) thrown at [src/hotspot/share/prims/jni.cpp, line 1367]

Events (20 events):
Event: 1860.707 Thread 0x0000020f37bc6800 Thread added: 0x0000020f37bc6800
Event: 1860.707 Thread 0x0000020f37bc4000 Thread added: 0x0000020f37bc4000
Event: 1860.707 Thread 0x0000020f37bc8800 Thread added: 0x0000020f37bc8800
Event: 1860.707 Thread 0x0000020f37bca800 Thread added: 0x0000020f37bca800
Event: 1860.707 Thread 0x0000020f37bc5000 Thread added: 0x0000020f37bc5000
Event: 1860.708 Thread 0x0000020f37bc9000 Thread added: 0x0000020f37bc9000
Event: 1860.708 Thread 0x0000020f37bc6000 Thread added: 0x0000020f37bc6000
Event: 1860.708 Thread 0x0000020f37bd0800 Thread added: 0x0000020f37bd0800
Event: 1860.708 Thread 0x0000020f37bcc800 Thread added: 0x0000020f37bcc800
Event: 1860.708 Thread 0x0000020f37bcd000 Thread added: 0x0000020f37bcd000
Event: 1860.708 Thread 0x0000020f37bd2000 Thread added: 0x0000020f37bd2000
Event: 1860.709 Thread 0x0000020f37bcf000 Thread added: 0x0000020f37bcf000
Event: 1860.709 Thread 0x0000020f37bce000 Thread added: 0x0000020f37bce000
Event: 1860.712 Thread 0x0000020f30215800 Thread added: 0x0000020f30215800
Event: 1860.741 Thread 0x0000020f3a27b800 Thread exited: 0x0000020f3a27b800
Event: 1860.742 Thread 0x0000020f3a27c800 Thread exited: 0x0000020f3a27c800
Event: 1860.743 Thread 0x0000020f3a270000 Thread exited: 0x0000020f3a270000
Event: 1860.758 Thread 0x0000020f3a273800 Thread exited: 0x0000020f3a273800
Event: 1860.758 Thread 0x0000020f3a279000 Thread exited: 0x0000020f3a279000
Event: 1860.759 Thread 0x0000020f3a278000 Thread exited: 0x0000020f3a278000


Dynamic libraries:
0x00007ff6ce8a0000 - 0x00007ff6ce8aa000 	C:\Program Files\Android\Android Studio\jbr\bin\java.exe
0x00007fff5e370000 - 0x00007fff5e568000 	C:\WINDOWS\SYSTEM32\ntdll.dll
0x00007fff5d100000 - 0x00007fff5d1bf000 	C:\WINDOWS\System32\KERNEL32.DLL
0x00007fff5c0e0000 - 0x00007fff5c3b2000 	C:\WINDOWS\System32\KERNELBASE.dll
0x00007fff5bfb0000 - 0x00007fff5c0b0000 	C:\WINDOWS\System32\ucrtbase.dll
0x00007fff46d30000 - 0x00007fff46d4b000 	C:\Program Files\Android\Android Studio\jbr\bin\VCRUNTIME140.dll
0x00007fff46cc0000 - 0x00007fff46cd7000 	C:\Program Files\Android\Android Studio\jbr\bin\jli.dll
0x00007fff5cdf0000 - 0x00007fff5cf8d000 	C:\WINDOWS\System32\USER32.dll
0x00007fff478e0000 - 0x00007fff47b7a000 	C:\WINDOWS\WinSxS\amd64_microsoft.windows.common-controls_6595b64144ccf1df_6.0.19041.1110_none_60b5254171f9507e\COMCTL32.dll
0x00007fff5c0b0000 - 0x00007fff5c0d2000 	C:\WINDOWS\System32\win32u.dll
0x00007fff5cd40000 - 0x00007fff5cdde000 	C:\WINDOWS\System32\msvcrt.dll
0x00007fff5d250000 - 0x00007fff5d27b000 	C:\WINDOWS\System32\GDI32.dll
0x00007fff5be50000 - 0x00007fff5bf5f000 	C:\WINDOWS\System32\gdi32full.dll
0x00007fff5bd10000 - 0x00007fff5bdad000 	C:\WINDOWS\System32\msvcp_win.dll
0x00007fff5d2a0000 - 0x00007fff5d2d2000 	C:\WINDOWS\System32\IMM32.DLL
0x00007fff4c3f0000 - 0x00007fff4c3fc000 	C:\Program Files\Android\Android Studio\jbr\bin\vcruntime140_1.dll
0x00007fff2f510000 - 0x00007fff2f59d000 	C:\Program Files\Android\Android Studio\jbr\bin\msvcp140.dll
0x00007fff15130000 - 0x00007fff15cec000 	C:\Program Files\Android\Android Studio\jbr\bin\server\jvm.dll
0x00007fff5c490000 - 0x00007fff5c53e000 	C:\WINDOWS\System32\ADVAPI32.dll
0x00007fff5d2e0000 - 0x00007fff5d37c000 	C:\WINDOWS\System32\sechost.dll
0x00007fff5dfc0000 - 0x00007fff5e0e5000 	C:\WINDOWS\System32\RPCRT4.dll
0x00007fff5de80000 - 0x00007fff5de88000 	C:\WINDOWS\System32\PSAPI.DLL
0x00007fff489e0000 - 0x00007fff489e9000 	C:\WINDOWS\SYSTEM32\WSOCK32.dll
0x00007fff47180000 - 0x00007fff471a7000 	C:\WINDOWS\SYSTEM32\WINMM.dll
0x00007fff55cd0000 - 0x00007fff55cda000 	C:\WINDOWS\SYSTEM32\VERSION.dll
0x00007fff5e2c0000 - 0x00007fff5e32b000 	C:\WINDOWS\System32\WS2_32.dll
0x00007fff59930000 - 0x00007fff59942000 	C:\WINDOWS\SYSTEM32\kernel.appcore.dll
0x00007fff46ca0000 - 0x00007fff46cb0000 	C:\Program Files\Android\Android Studio\jbr\bin\verify.dll
0x00007fff4b190000 - 0x00007fff4b374000 	C:\WINDOWS\SYSTEM32\DBGHELP.DLL
0x00007fff4b080000 - 0x00007fff4b0ac000 	C:\WINDOWS\SYSTEM32\dbgcore.DLL
0x00007fff5ba70000 - 0x00007fff5baf2000 	C:\WINDOWS\System32\bcryptPrimitives.dll
0x00007fff38350000 - 0x00007fff38378000 	C:\Program Files\Android\Android Studio\jbr\bin\java.dll
0x00007fff46c90000 - 0x00007fff46c9a000 	C:\Program Files\Android\Android Studio\jbr\bin\jimage.dll
0x00007fff46a30000 - 0x00007fff46a48000 	C:\Program Files\Android\Android Studio\jbr\bin\zip.dll
0x00007fff5c540000 - 0x00007fff5cc83000 	C:\WINDOWS\System32\SHELL32.dll
0x00007fff59b30000 - 0x00007fff5a2c2000 	C:\WINDOWS\SYSTEM32\windows.storage.dll
0x00007fff5d500000 - 0x00007fff5d854000 	C:\WINDOWS\System32\combase.dll
0x00007fff5b4d0000 - 0x00007fff5b500000 	C:\WINDOWS\SYSTEM32\Wldp.dll
0x00007fff5cc90000 - 0x00007fff5cd3d000 	C:\WINDOWS\System32\SHCORE.dll
0x00007fff5d4a0000 - 0x00007fff5d4f5000 	C:\WINDOWS\System32\shlwapi.dll
0x00007fff5b9b0000 - 0x00007fff5b9cf000 	C:\WINDOWS\SYSTEM32\profapi.dll
0x00007fff3a9b0000 - 0x00007fff3a9c9000 	C:\Program Files\Android\Android Studio\jbr\bin\net.dll
0x00007fff4c7c0000 - 0x00007fff4c8cc000 	C:\WINDOWS\SYSTEM32\WINHTTP.dll
0x00007fff5b230000 - 0x00007fff5b29a000 	C:\WINDOWS\system32\mswsock.dll
0x00007fff38330000 - 0x00007fff38343000 	C:\Program Files\Android\Android Studio\jbr\bin\nio.dll
0x00007fff2c8e0000 - 0x00007fff2c907000 	C:\Users\sarat\.gradle\native\e1d6ef7f7dcc3fd88c89a11ec53ec762bb8ba0a96d01ffa2cd45eb1d1d8dd5c5\windows-amd64\native-platform.dll
0x00007fff18ea0000 - 0x00007fff18fe4000 	C:\Users\sarat\.gradle\native\0d407fdbe67a94daf76414ababcb853783967236a71b16ec16e742cd7a986fd3\windows-amd64\native-platform-file-events.dll
0x00007fff455e0000 - 0x00007fff455ea000 	C:\Program Files\Android\Android Studio\jbr\bin\management.dll
0x00007fff44fd0000 - 0x00007fff44fdb000 	C:\Program Files\Android\Android Studio\jbr\bin\management_ext.dll
0x00007fff5b420000 - 0x00007fff5b438000 	C:\WINDOWS\SYSTEM32\CRYPTSP.dll
0x00007fff5aae0000 - 0x00007fff5ab14000 	C:\WINDOWS\system32\rsaenh.dll
0x00007fff5bdb0000 - 0x00007fff5bdd7000 	C:\WINDOWS\System32\bcrypt.dll
0x00007fff5b930000 - 0x00007fff5b95e000 	C:\WINDOWS\SYSTEM32\USERENV.dll
0x00007fff5b440000 - 0x00007fff5b44c000 	C:\WINDOWS\SYSTEM32\CRYPTBASE.dll
0x00007fff5aed0000 - 0x00007fff5af0b000 	C:\WINDOWS\SYSTEM32\IPHLPAPI.DLL
0x00007fff5d240000 - 0x00007fff5d248000 	C:\WINDOWS\System32\NSI.dll
0x00007fff54fe0000 - 0x00007fff54ff7000 	C:\WINDOWS\SYSTEM32\dhcpcsvc6.DLL
0x00007fff551b0000 - 0x00007fff551cd000 	C:\WINDOWS\SYSTEM32\dhcpcsvc.DLL
0x00007fff5af10000 - 0x00007fff5afda000 	C:\WINDOWS\SYSTEM32\DNSAPI.dll
0x00007fff5ac00000 - 0x00007fff5ac33000 	C:\WINDOWS\SYSTEM32\ntmarta.dll
0x00007fff373a0000 - 0x00007fff373c7000 	C:\Program Files\Android\Android Studio\jbr\bin\sunec.dll

dbghelp: loaded successfully - version: 4.0.5 - missing functions: none
symbol engine: initialized successfully - sym options: 0x614 - pdb path: .;C:\Program Files\Android\Android Studio\jbr\bin;C:\WINDOWS\SYSTEM32;C:\WINDOWS\WinSxS\amd64_microsoft.windows.common-controls_6595b64144ccf1df_6.0.19041.1110_none_60b5254171f9507e;C:\Program Files\Android\Android Studio\jbr\bin\server;C:\Users\sarat\.gradle\native\e1d6ef7f7dcc3fd88c89a11ec53ec762bb8ba0a96d01ffa2cd45eb1d1d8dd5c5\windows-amd64;C:\Users\sarat\.gradle\native\0d407fdbe67a94daf76414ababcb853783967236a71b16ec16e742cd7a986fd3\windows-amd64

VM Arguments:
jvm_args: --add-opens=java.base/java.util=ALL-UNNAMED --add-opens=java.base/java.lang=ALL-UNNAMED --add-opens=java.base/java.lang.invoke=ALL-UNNAMED --add-opens=java.base/java.util=ALL-UNNAMED --add-opens=java.prefs/java.util.prefs=ALL-UNNAMED --add-opens=java.prefs/java.util.prefs=ALL-UNNAMED --add-opens=java.base/java.nio.charset=ALL-UNNAMED --add-opens=java.base/java.net=ALL-UNNAMED --add-opens=java.base/java.util.concurrent.atomic=ALL-UNNAMED -Xmx2048m -Dfile.encoding=UTF-8 -Duser.country=IN -Duser.language=en -Duser.variant 
java_command: org.gradle.launcher.daemon.bootstrap.GradleDaemon 7.4.1
java_class_path (initial): C:\Users\sarat\.gradle\wrapper\dists\gradle-7.4.1-bin\58kw26xllvsiedyf3nujyarhn\gradle-7.4.1\lib\gradle-launcher-7.4.1.jar
Launcher Type: SUN_STANDARD

[Global flags]
     intx CICompilerCount                          = 4                                         {product} {ergonomic}
     uint ConcGCThreads                            = 2                                         {product} {ergonomic}
     uint G1ConcRefinementThreads                  = 8                                         {product} {ergonomic}
   size_t G1HeapRegionSize                         = 1048576                                   {product} {ergonomic}
    uintx GCDrainStackTargetSize                   = 64                                        {product} {ergonomic}
   size_t InitialHeapSize                          = 132120576                                 {product} {ergonomic}
   size_t MarkStackSize                            = 4194304                                   {product} {ergonomic}
   size_t MaxHeapSize                              = 2147483648                                {product} {command line}
   size_t MaxNewSize                               = 1287651328                                {product} {ergonomic}
   size_t MinHeapDeltaBytes                        = 1048576                                   {product} {ergonomic}
    uintx NonNMethodCodeHeapSize                   = 5836300                                {pd product} {ergonomic}
    uintx NonProfiledCodeHeapSize                  = 122910970                              {pd product} {ergonomic}
    uintx ProfiledCodeHeapSize                     = 122910970                              {pd product} {ergonomic}
    uintx ReservedCodeCacheSize                    = 251658240                              {pd product} {ergonomic}
     bool SegmentedCodeCache                       = true                                      {product} {ergonomic}
     bool UseCompressedClassPointers               = true                                 {lp64_product} {ergonomic}
     bool UseCompressedOops                        = true                                 {lp64_product} {ergonomic}
     bool UseG1GC                                  = true                                      {product} {ergonomic}
     bool UseLargePagesIndividualAllocation        = false                                  {pd product} {ergonomic}

Logging:
Log output configuration:
 #0: stdout all=warning uptime,level,tags
 #1: stderr all=off uptime,level,tags

Environment Variables:
PATH=C:\Program Files\Common Files\Oracle\Java\javapath;C:\WINDOWS\system32;C:\WINDOWS;C:\WINDOWS\System32\Wbem;C:\WINDOWS\System32\WindowsPowerShell\v1.0\;C:\WINDOWS\System32\OpenSSH\;C:\Program Files (x86)\NVIDIA Corporation\PhysX\Common;C:\Program Files\NVIDIA Corporation\NVIDIA NvDLISR;C:\Program Files\Git\cmd;C:\Program Files\Java\jdk-19\bin;C:\Users\sarat\AppData\Local\Microsoft\WindowsApps;E:\Section - 13\Devoloping\PyCharm\bin;;E:\Section - 13\Devoloping\VsCode\bin;E:\Section - 13\Devoloping\flutter\bin;
USERNAME=sarat
OS=Windows_NT
PROCESSOR_IDENTIFIER=Intel64 Family 6 Model 158 Stepping 10, GenuineIntel



---------------  S Y S T E M  ---------------

OS: Windows 10 , 64 bit Build 19041 (10.0.19041.2251)
OS uptime: 5 days 10:06 hours

CPU:total 8 (initial active 8) (4 cores per cpu, 2 threads per core) family 6 model 158 stepping 10 microcode 0xb4, cmov, cx8, fxsr, mmx, sse, sse2, sse3, ssse3, sse4.1, sse4.2, popcnt, avx, avx2, aes, clmul, erms, 3dnowpref, lzcnt, ht, tsc, tscinvbit, bmi1, bmi2, adx, fma

Memory: 4k page, system-wide physical 8036M (570M free)
TotalPageFile size 32612M (AvailPageFile size 2M)
current process WorkingSet (physical memory assigned to process): 597M, peak: 657M
current process commit charge ("private bytes"): 767M, peak: 791M

vm_info: OpenJDK 64-Bit Server VM (11.0.15+0-b2043.56-9505619) for windows-amd64 JRE (11.0.15+0-b2043.56-9505619), built on Jan 19 2023 02:48:00 by "builduser" with unknown MS VC++:1929

END.
